[ 2016-09-10T00:45:58+08:00 ] ::1 /easyNote/index.php/note/note/getGroupsCount
INFO: [ app_init ] --START--
INFO: Run Behavior\BuildLiteBehavior [ RunTime:0.000000s ]
INFO: [ app_init ] --END-- [ RunTime:0.001000s ]
INFO: [ app_begin ] --START--
INFO: Run Behavior\ReadHtmlCacheBehavior [ RunTime:0.003001s ]
INFO: [ app_begin ] --END-- [ RunTime:0.003001s ]

[ 2016-09-10T00:46:02+08:00 ] ::1 /easyNote/index.php/note/note/test
INFO: [ app_init ] --START--
INFO: Run Behavior\BuildLiteBehavior [ RunTime:0.000000s ]
INFO: [ app_init ] --END-- [ RunTime:0.001000s ]
INFO: [ app_begin ] --START--
INFO: Run Behavior\ReadHtmlCacheBehavior [ RunTime:0.000000s ]
INFO: [ app_begin ] --END-- [ RunTime:0.001000s ]
NOTIC: [8] Undefined variable: groupName D:\PHP\wamp\www\easyNote\Application\Note\Controller\NoteController.class.php 第 15 行.

[ 2016-09-10T00:46:17+08:00 ] ::1 /easyNote/index.php/note/note/test
INFO: [ app_init ] --START--
INFO: Run Behavior\BuildLiteBehavior [ RunTime:0.001000s ]
INFO: [ app_init ] --END-- [ RunTime:0.001000s ]
INFO: [ app_begin ] --START--
INFO: Run Behavior\ReadHtmlCacheBehavior [ RunTime:0.001000s ]
INFO: [ app_begin ] --END-- [ RunTime:0.001000s ]
INFO: [ app_end ] --START--
INFO: Run Behavior\ShowPageTraceBehavior [ RunTime:0.000000s ]
INFO: [ app_end ] --END-- [ RunTime:0.000000s ]

[ 2016-09-10T00:46:48+08:00 ] ::1 /easyNote/index.php/note/note/test
INFO: [ app_init ] --START--
INFO: Run Behavior\BuildLiteBehavior [ RunTime:0.000000s ]
INFO: [ app_init ] --END-- [ RunTime:0.001000s ]
INFO: [ app_begin ] --START--
INFO: Run Behavior\ReadHtmlCacheBehavior [ RunTime:0.001000s ]
INFO: [ app_begin ] --END-- [ RunTime:0.001000s ]
INFO: [ app_end ] --START--
INFO: Run Behavior\ShowPageTraceBehavior [ RunTime:0.001000s ]
INFO: [ app_end ] --END-- [ RunTime:0.001000s ]

[ 2016-09-10T00:53:41+08:00 ] ::1 /easyNote/index.php/note/note/getGroupscount?admin_id=1
INFO: [ app_init ] --START--
INFO: Run Behavior\BuildLiteBehavior [ RunTime:0.000000s ]
INFO: [ app_init ] --END-- [ RunTime:0.001000s ]
INFO: [ app_begin ] --START--
INFO: Run Behavior\ReadHtmlCacheBehavior [ RunTime:0.001000s ]
INFO: [ app_begin ] --END-- [ RunTime:0.001000s ]
SQL: SHOW COLUMNS FROM `en_admin` [ RunTime:0.0490s ]
SQL: SELECT * FROM `en_admin` WHERE ( admin_id=1 ) LIMIT 1   [ RunTime:0.0010s ]
SQL: SHOW COLUMNS FROM `en_group` [ RunTime:0.0460s ]
SQL: SELECT `group_name` FROM `en_group` WHERE ( admin_id=1 )  [ RunTime:0.0010s ]
SQL: SHOW COLUMNS FROM `en_note` [ RunTime:0.0280s ]
SQL: SELECT COUNT(note_id) AS tp_Count FROM `en_note` WHERE ( admin_id=1 and note_group="生活杂记" ) LIMIT 1   [ RunTime:0.0010s ]
SQL: SELECT * FROM `en_note` WHERE `admin_id` = 1 AND `note_group` = '生活杂记' LIMIT 1   [ RunTime:0.0010s ]
SQL: SELECT COUNT(note_id) AS tp_Count FROM `en_note` WHERE ( admin_id=1 and note_group="心情随笔" ) LIMIT 1   [ RunTime:0.0010s ]
SQL: SELECT * FROM `en_note` WHERE `admin_id` = 1 AND `note_group` = '心情随笔' LIMIT 1   [ RunTime:0.0010s ]
SQL: SELECT COUNT(note_id) AS tp_Count FROM `en_note` WHERE ( admin_id=1 and note_group="工作笔记" ) LIMIT 1   [ RunTime:0.0010s ]
SQL: SELECT * FROM `en_note` WHERE `admin_id` = 1 AND `note_group` = '工作笔记' LIMIT 1   [ RunTime:0.0000s ]
SQL: SELECT COUNT(note_id) AS tp_Count FROM `en_note` WHERE ( admin_id=1 and note_group="myLove" ) LIMIT 1   [ RunTime:0.0010s ]
SQL: SELECT * FROM `en_note` WHERE `admin_id` = 1 AND `note_group` = 'myLove' LIMIT 1   [ RunTime:0.0000s ]
SQL: SELECT COUNT(note_id) AS tp_Count FROM `en_note` WHERE ( admin_id=1 and note_group="MYLL" ) LIMIT 1   [ RunTime:0.0010s ]
SQL: SELECT * FROM `en_note` WHERE `admin_id` = 1 AND `note_group` = 'MYLL' LIMIT 1   [ RunTime:0.0000s ]

[ 2016-09-10T00:54:34+08:00 ] ::1 /easyNote/index.php/note/note/getGroupscount?admin_id=1
INFO: [ app_init ] --START--
INFO: Run Behavior\BuildLiteBehavior [ RunTime:0.000000s ]
INFO: [ app_init ] --END-- [ RunTime:0.001000s ]
INFO: [ app_begin ] --START--
INFO: Run Behavior\ReadHtmlCacheBehavior [ RunTime:0.001000s ]
INFO: [ app_begin ] --END-- [ RunTime:0.001000s ]
SQL: SHOW COLUMNS FROM `en_admin` [ RunTime:0.0040s ]
SQL: SELECT * FROM `en_admin` WHERE ( admin_id=1 ) LIMIT 1   [ RunTime:0.0010s ]
SQL: SHOW COLUMNS FROM `en_group` [ RunTime:0.0020s ]
SQL: SELECT `group_name` FROM `en_group` WHERE ( admin_id=1 )  [ RunTime:0.0000s ]
SQL: SHOW COLUMNS FROM `en_note` [ RunTime:0.0020s ]
SQL: SELECT COUNT(note_id) AS tp_Count FROM `en_note` WHERE ( admin_id=1 and note_group="生活杂记" ) LIMIT 1   [ RunTime:0.0000s ]
SQL: SELECT * FROM `en_note` WHERE `admin_id` = 1 AND `note_group` = '生活杂记' LIMIT 1   [ RunTime:0.0000s ]
SQL: SELECT COUNT(note_id) AS tp_Count FROM `en_note` WHERE ( admin_id=1 and note_group="心情随笔" ) LIMIT 1   [ RunTime:0.0000s ]
SQL: SELECT * FROM `en_note` WHERE `admin_id` = 1 AND `note_group` = '心情随笔' LIMIT 1   [ RunTime:0.0000s ]
SQL: SELECT COUNT(note_id) AS tp_Count FROM `en_note` WHERE ( admin_id=1 and note_group="工作笔记" ) LIMIT 1   [ RunTime:0.0000s ]
SQL: SELECT * FROM `en_note` WHERE `admin_id` = 1 AND `note_group` = '工作笔记' LIMIT 1   [ RunTime:0.0000s ]
SQL: SELECT COUNT(note_id) AS tp_Count FROM `en_note` WHERE ( admin_id=1 and note_group="myLove" ) LIMIT 1   [ RunTime:0.0010s ]
SQL: SELECT * FROM `en_note` WHERE `admin_id` = 1 AND `note_group` = 'myLove' LIMIT 1   [ RunTime:0.0000s ]
SQL: SELECT COUNT(note_id) AS tp_Count FROM `en_note` WHERE ( admin_id=1 and note_group="MYLL" ) LIMIT 1   [ RunTime:0.0000s ]
SQL: SELECT * FROM `en_note` WHERE `admin_id` = 1 AND `note_group` = 'MYLL' LIMIT 1   [ RunTime:0.0000s ]

[ 2016-09-10T00:54:41+08:00 ] ::1 /easyNote/index.php/note/note/getGroupscount?admin_id=1
INFO: [ app_init ] --START--
INFO: Run Behavior\BuildLiteBehavior [ RunTime:0.000000s ]
INFO: [ app_init ] --END-- [ RunTime:0.001000s ]
INFO: [ app_begin ] --START--
INFO: Run Behavior\ReadHtmlCacheBehavior [ RunTime:0.001000s ]
INFO: [ app_begin ] --END-- [ RunTime:0.001000s ]
SQL: SHOW COLUMNS FROM `en_admin` [ RunTime:0.0030s ]
SQL: SELECT * FROM `en_admin` WHERE ( admin_id=1 ) LIMIT 1   [ RunTime:0.0000s ]
SQL: SHOW COLUMNS FROM `en_group` [ RunTime:0.0030s ]
SQL: SELECT `group_name` FROM `en_group` WHERE ( admin_id=1 )  [ RunTime:0.0010s ]
SQL: SHOW COLUMNS FROM `en_note` [ RunTime:0.0020s ]
SQL: SELECT COUNT(note_id) AS tp_Count FROM `en_note` WHERE ( admin_id=1 and note_group="生活杂记" ) LIMIT 1   [ RunTime:0.0010s ]
SQL: SELECT * FROM `en_note` WHERE `admin_id` = 1 AND `note_group` = '生活杂记' LIMIT 1   [ RunTime:0.0010s ]
SQL: SELECT COUNT(note_id) AS tp_Count FROM `en_note` WHERE ( admin_id=1 and note_group="心情随笔" ) LIMIT 1   [ RunTime:0.0010s ]
SQL: SELECT * FROM `en_note` WHERE `admin_id` = 1 AND `note_group` = '心情随笔' LIMIT 1   [ RunTime:0.0010s ]
SQL: SELECT COUNT(note_id) AS tp_Count FROM `en_note` WHERE ( admin_id=1 and note_group="工作笔记" ) LIMIT 1   [ RunTime:0.0000s ]
SQL: SELECT * FROM `en_note` WHERE `admin_id` = 1 AND `note_group` = '工作笔记' LIMIT 1   [ RunTime:0.0000s ]
SQL: SELECT COUNT(note_id) AS tp_Count FROM `en_note` WHERE ( admin_id=1 and note_group="myLove" ) LIMIT 1   [ RunTime:0.0000s ]
SQL: SELECT * FROM `en_note` WHERE `admin_id` = 1 AND `note_group` = 'myLove' LIMIT 1   [ RunTime:0.0000s ]
SQL: SELECT COUNT(note_id) AS tp_Count FROM `en_note` WHERE ( admin_id=1 and note_group="MYLL" ) LIMIT 1   [ RunTime:0.0010s ]
SQL: SELECT * FROM `en_note` WHERE `admin_id` = 1 AND `note_group` = 'MYLL' LIMIT 1   [ RunTime:0.0010s ]

[ 2016-09-10T00:55:04+08:00 ] ::1 /easyNote/index.php/note/note/getGroupscount?admin_id=1
INFO: [ app_init ] --START--
INFO: Run Behavior\BuildLiteBehavior [ RunTime:0.000000s ]
INFO: [ app_init ] --END-- [ RunTime:0.001000s ]
INFO: [ app_begin ] --START--
INFO: Run Behavior\ReadHtmlCacheBehavior [ RunTime:0.001000s ]
INFO: [ app_begin ] --END-- [ RunTime:0.001000s ]
SQL: SHOW COLUMNS FROM `en_admin` [ RunTime:0.0020s ]
SQL: SELECT * FROM `en_admin` WHERE ( admin_id=1 ) LIMIT 1   [ RunTime:0.0000s ]
SQL: SHOW COLUMNS FROM `en_group` [ RunTime:0.0030s ]
SQL: SELECT `group_name` FROM `en_group` WHERE ( admin_id=1 )  [ RunTime:0.0000s ]
SQL: SHOW COLUMNS FROM `en_note` [ RunTime:0.0020s ]
SQL: SELECT COUNT(note_id) AS tp_Count FROM `en_note` WHERE ( admin_id=1 and note_group="生活杂记" ) LIMIT 1   [ RunTime:0.0010s ]
SQL: SELECT * FROM `en_note` WHERE `admin_id` = 1 AND `note_group` = '生活杂记' LIMIT 1   [ RunTime:0.0010s ]
SQL: SELECT COUNT(note_id) AS tp_Count FROM `en_note` WHERE ( admin_id=1 and note_group="心情随笔" ) LIMIT 1   [ RunTime:0.0010s ]
SQL: SELECT * FROM `en_note` WHERE `admin_id` = 1 AND `note_group` = '心情随笔' LIMIT 1   [ RunTime:0.0010s ]
SQL: SELECT COUNT(note_id) AS tp_Count FROM `en_note` WHERE ( admin_id=1 and note_group="工作笔记" ) LIMIT 1   [ RunTime:0.0000s ]
SQL: SELECT * FROM `en_note` WHERE `admin_id` = 1 AND `note_group` = '工作笔记' LIMIT 1   [ RunTime:0.0000s ]
SQL: SELECT COUNT(note_id) AS tp_Count FROM `en_note` WHERE ( admin_id=1 and note_group="myLove" ) LIMIT 1   [ RunTime:0.0000s ]
SQL: SELECT * FROM `en_note` WHERE `admin_id` = 1 AND `note_group` = 'myLove' LIMIT 1   [ RunTime:0.0010s ]
SQL: SELECT COUNT(note_id) AS tp_Count FROM `en_note` WHERE ( admin_id=1 and note_group="MYLL" ) LIMIT 1   [ RunTime:0.0000s ]
SQL: SELECT * FROM `en_note` WHERE `admin_id` = 1 AND `note_group` = 'MYLL' LIMIT 1   [ RunTime:0.0000s ]

[ 2016-09-10T08:48:21+08:00 ] ::1 /easyNote/index.php/getOpenNote
INFO: [ app_init ] --START--
INFO: Run Behavior\BuildLiteBehavior [ RunTime:0.000000s ]
INFO: [ app_init ] --END-- [ RunTime:0.000000s ]
INFO: [ app_begin ] --START--
INFO: Run Behavior\ReadHtmlCacheBehavior [ RunTime:0.001000s ]
INFO: [ app_begin ] --END-- [ RunTime:0.001000s ]
SQL: SHOW COLUMNS FROM `en_note` [ RunTime:0.0110s ]
SQL: SELECT * FROM `en_note` WHERE ( note_status=-1 ) LIMIT 1   [ RunTime:0.0010s ]

[ 2016-09-10T08:48:39+08:00 ] ::1 /easyNote/index.php/getGroupsCount?admin_id=1
INFO: [ app_init ] --START--
INFO: Run Behavior\BuildLiteBehavior [ RunTime:0.000000s ]
INFO: [ app_init ] --END-- [ RunTime:0.000000s ]
INFO: [ app_begin ] --START--
INFO: Run Behavior\ReadHtmlCacheBehavior [ RunTime:0.001000s ]
INFO: [ app_begin ] --END-- [ RunTime:0.001000s ]
SQL: SHOW COLUMNS FROM `en_admin` [ RunTime:0.0040s ]
SQL: SELECT * FROM `en_admin` WHERE ( admin_id=1 ) LIMIT 1   [ RunTime:0.0000s ]
SQL: SHOW COLUMNS FROM `en_group` [ RunTime:0.0090s ]
SQL: SELECT `group_name` FROM `en_group` WHERE ( admin_id=1 )  [ RunTime:0.0010s ]
SQL: SHOW COLUMNS FROM `en_note` [ RunTime:0.0080s ]
SQL: SELECT COUNT(note_id) AS tp_Count FROM `en_note` WHERE ( admin_id=1 and note_group="生活杂记" ) LIMIT 1   [ RunTime:0.0000s ]
SQL: SELECT * FROM `en_note` WHERE `admin_id` = 1 AND `note_group` = '生活杂记' LIMIT 1   [ RunTime:0.0010s ]
SQL: SELECT COUNT(note_id) AS tp_Count FROM `en_note` WHERE ( admin_id=1 and note_group="心情随笔" ) LIMIT 1   [ RunTime:0.0000s ]
SQL: SELECT * FROM `en_note` WHERE `admin_id` = 1 AND `note_group` = '心情随笔' LIMIT 1   [ RunTime:0.0000s ]
SQL: SELECT COUNT(note_id) AS tp_Count FROM `en_note` WHERE ( admin_id=1 and note_group="工作笔记" ) LIMIT 1   [ RunTime:0.0010s ]
SQL: SELECT * FROM `en_note` WHERE `admin_id` = 1 AND `note_group` = '工作笔记' LIMIT 1   [ RunTime:0.0010s ]
SQL: SELECT COUNT(note_id) AS tp_Count FROM `en_note` WHERE ( admin_id=1 and note_group="myLove" ) LIMIT 1   [ RunTime:0.0000s ]
SQL: SELECT * FROM `en_note` WHERE `admin_id` = 1 AND `note_group` = 'myLove' LIMIT 1   [ RunTime:0.0000s ]
SQL: SELECT COUNT(note_id) AS tp_Count FROM `en_note` WHERE ( admin_id=1 and note_group="MYLL" ) LIMIT 1   [ RunTime:0.0010s ]
SQL: SELECT * FROM `en_note` WHERE `admin_id` = 1 AND `note_group` = 'MYLL' LIMIT 1   [ RunTime:0.0010s ]

[ 2016-09-10T08:50:12+08:00 ] ::1 /easyNote/index.php/getOpenNote
INFO: [ app_init ] --START--
INFO: Run Behavior\BuildLiteBehavior [ RunTime:0.000000s ]
INFO: [ app_init ] --END-- [ RunTime:0.001000s ]
INFO: [ app_begin ] --START--
INFO: Run Behavior\ReadHtmlCacheBehavior [ RunTime:0.001000s ]
INFO: [ app_begin ] --END-- [ RunTime:0.001000s ]
SQL: SHOW COLUMNS FROM `en_note` [ RunTime:0.0040s ]
SQL: SELECT * FROM `en_note` WHERE ( note_status=-1 ) LIMIT 1   [ RunTime:0.0000s ]

[ 2016-09-10T08:52:14+08:00 ] ::1 /easyNote/index.php/getOpenNote
INFO: [ app_init ] --START--
INFO: Run Behavior\BuildLiteBehavior [ RunTime:0.001000s ]
INFO: [ app_init ] --END-- [ RunTime:0.001000s ]
INFO: [ app_begin ] --START--
INFO: Run Behavior\ReadHtmlCacheBehavior [ RunTime:0.001000s ]
INFO: [ app_begin ] --END-- [ RunTime:0.001000s ]
SQL: SHOW COLUMNS FROM `en_note` [ RunTime:0.0040s ]
SQL: SELECT * FROM `en_note` WHERE ( note_status=-1 )  [ RunTime:0.0010s ]

[ 2016-09-10T08:55:10+08:00 ] ::1 /easyNote/index.php/getGroupsCount?admin_id=
INFO: [ app_init ] --START--
INFO: Run Behavior\BuildLiteBehavior [ RunTime:0.000000s ]
INFO: [ app_init ] --END-- [ RunTime:0.001001s ]
INFO: [ app_begin ] --START--
INFO: Run Behavior\ReadHtmlCacheBehavior [ RunTime:0.001000s ]
INFO: [ app_begin ] --END-- [ RunTime:0.001000s ]

[ 2016-09-10T08:55:13+08:00 ] ::1 /easyNote/index.php/getGroupsCount?admin_id=1
INFO: [ app_init ] --START--
INFO: Run Behavior\BuildLiteBehavior [ RunTime:0.000000s ]
INFO: [ app_init ] --END-- [ RunTime:0.002001s ]
INFO: [ app_begin ] --START--
INFO: Run Behavior\ReadHtmlCacheBehavior [ RunTime:0.001000s ]
INFO: [ app_begin ] --END-- [ RunTime:0.001000s ]
SQL: SHOW COLUMNS FROM `en_admin` [ RunTime:0.0030s ]
SQL: SELECT * FROM `en_admin` WHERE ( admin_id=1 ) LIMIT 1   [ RunTime:0.0000s ]
SQL: SHOW COLUMNS FROM `en_group` [ RunTime:0.0040s ]
SQL: SELECT `group_name` FROM `en_group` WHERE ( admin_id=1 )  [ RunTime:0.0010s ]
SQL: SHOW COLUMNS FROM `en_note` [ RunTime:0.0050s ]
SQL: SELECT COUNT(note_id) AS tp_Count FROM `en_note` WHERE ( admin_id=1 and note_group="生活杂记" ) LIMIT 1   [ RunTime:0.0010s ]
SQL: SELECT * FROM `en_note` WHERE `admin_id` = 1 AND `note_group` = '生活杂记'  [ RunTime:0.0000s ]
NOTIC: [8] Undefined index: note_createtime D:\PHP\wamp\www\easyNote\Application\Common\Model\NoteModel.class.php 第 25 行.
NOTIC: [8] Undefined index: note_modifytime D:\PHP\wamp\www\easyNote\Application\Common\Model\NoteModel.class.php 第 26 行.
SQL: SELECT COUNT(note_id) AS tp_Count FROM `en_note` WHERE ( admin_id=1 and note_group="心情随笔" ) LIMIT 1   [ RunTime:0.0000s ]
SQL: SELECT * FROM `en_note` WHERE `admin_id` = 1 AND `note_group` = '心情随笔'  [ RunTime:0.0000s ]
SQL: SELECT COUNT(note_id) AS tp_Count FROM `en_note` WHERE ( admin_id=1 and note_group="工作笔记" ) LIMIT 1   [ RunTime:0.0010s ]
SQL: SELECT * FROM `en_note` WHERE `admin_id` = 1 AND `note_group` = '工作笔记'  [ RunTime:0.0010s ]
SQL: SELECT COUNT(note_id) AS tp_Count FROM `en_note` WHERE ( admin_id=1 and note_group="myLove" ) LIMIT 1   [ RunTime:0.0000s ]
SQL: SELECT * FROM `en_note` WHERE `admin_id` = 1 AND `note_group` = 'myLove'  [ RunTime:0.0000s ]
SQL: SELECT COUNT(note_id) AS tp_Count FROM `en_note` WHERE ( admin_id=1 and note_group="MYLL" ) LIMIT 1   [ RunTime:0.0000s ]
SQL: SELECT * FROM `en_note` WHERE `admin_id` = 1 AND `note_group` = 'MYLL'  [ RunTime:0.0000s ]

[ 2016-09-10T09:00:45+08:00 ] ::1 /easyNote/index.php/note/Download/test
INFO: [ app_init ] --START--
INFO: Run Behavior\BuildLiteBehavior [ RunTime:0.000000s ]
INFO: [ app_init ] --END-- [ RunTime:0.001000s ]
INFO: [ app_begin ] --START--
INFO: Run Behavior\ReadHtmlCacheBehavior [ RunTime:0.002001s ]
INFO: [ app_begin ] --END-- [ RunTime:0.003001s ]

[ 2016-09-10T09:01:00+08:00 ] ::1 /easyNote/index.php/note/Download/test
INFO: [ app_init ] --START--
INFO: Run Behavior\BuildLiteBehavior [ RunTime:0.001000s ]
INFO: [ app_init ] --END-- [ RunTime:0.001000s ]
INFO: [ app_begin ] --START--
INFO: Run Behavior\ReadHtmlCacheBehavior [ RunTime:0.001000s ]
INFO: [ app_begin ] --END-- [ RunTime:0.002000s ]
NOTIC: [2] file_get_contents(./Public/upload/2016-09-09/57d2711ba5b0c.jpg): failed to open stream: No such file or directory D:\PHP\wamp\www\easyNote\Application\Note\Controller\DownloadController.class.php 第 34 行.
INFO: [ app_end ] --START--
INFO: Run Behavior\ShowPageTraceBehavior [ RunTime:0.001000s ]
INFO: [ app_end ] --END-- [ RunTime:0.001000s ]

[ 2016-09-10T09:01:27+08:00 ] ::1 /easyNote/index.php/note/Download/test
INFO: [ app_init ] --START--
INFO: Run Behavior\BuildLiteBehavior [ RunTime:0.000000s ]
INFO: [ app_init ] --END-- [ RunTime:0.001000s ]
INFO: [ app_begin ] --START--
INFO: Run Behavior\ReadHtmlCacheBehavior [ RunTime:0.001000s ]
INFO: [ app_begin ] --END-- [ RunTime:0.001000s ]
NOTIC: [2] file_get_contents(./Public/upload/2016-09-09/57d2711ba5b0c.jpg): failed to open stream: No such file or directory D:\PHP\wamp\www\easyNote\Application\Note\Controller\DownloadController.class.php 第 34 行.
INFO: [ app_end ] --START--
INFO: Run Behavior\ShowPageTraceBehavior [ RunTime:0.000000s ]
INFO: [ app_end ] --END-- [ RunTime:0.001000s ]

[ 2016-09-10T09:09:23+08:00 ] ::1 /easyNote/index.php/getGroupsCount?admin_id=1
INFO: [ app_init ] --START--
INFO: Run Behavior\BuildLiteBehavior [ RunTime:0.000000s ]
INFO: [ app_init ] --END-- [ RunTime:0.001000s ]
INFO: [ app_begin ] --START--
INFO: Run Behavior\ReadHtmlCacheBehavior [ RunTime:0.000000s ]
INFO: [ app_begin ] --END-- [ RunTime:0.000000s ]
SQL: SHOW COLUMNS FROM `en_admin` [ RunTime:0.0060s ]
SQL: SELECT * FROM `en_admin` WHERE ( admin_id=1 ) LIMIT 1   [ RunTime:0.0000s ]
SQL: SHOW COLUMNS FROM `en_group` [ RunTime:0.0040s ]
SQL: SELECT `group_name` FROM `en_group` WHERE ( admin_id=1 )  [ RunTime:0.0000s ]
SQL: SHOW COLUMNS FROM `en_note` [ RunTime:0.0050s ]
SQL: SELECT COUNT(note_id) AS tp_Count FROM `en_note` WHERE ( admin_id=1 and note_group="生活杂记" ) LIMIT 1   [ RunTime:0.0000s ]
SQL: SELECT * FROM `en_note` WHERE `admin_id` = 1 AND `note_group` = '生活杂记'  [ RunTime:0.0000s ]
NOTIC: [8] Undefined index: note_createtime D:\PHP\wamp\www\easyNote\Application\Common\Model\NoteModel.class.php 第 25 行.
NOTIC: [8] Undefined index: note_modifytime D:\PHP\wamp\www\easyNote\Application\Common\Model\NoteModel.class.php 第 26 行.
SQL: SELECT COUNT(note_id) AS tp_Count FROM `en_note` WHERE ( admin_id=1 and note_group="心情随笔" ) LIMIT 1   [ RunTime:0.0000s ]
SQL: SELECT * FROM `en_note` WHERE `admin_id` = 1 AND `note_group` = '心情随笔'  [ RunTime:0.0000s ]
SQL: SELECT COUNT(note_id) AS tp_Count FROM `en_note` WHERE ( admin_id=1 and note_group="工作笔记" ) LIMIT 1   [ RunTime:0.0010s ]
SQL: SELECT * FROM `en_note` WHERE `admin_id` = 1 AND `note_group` = '工作笔记'  [ RunTime:0.0000s ]
SQL: SELECT COUNT(note_id) AS tp_Count FROM `en_note` WHERE ( admin_id=1 and note_group="myLove" ) LIMIT 1   [ RunTime:0.0000s ]
SQL: SELECT * FROM `en_note` WHERE `admin_id` = 1 AND `note_group` = 'myLove'  [ RunTime:0.0000s ]
SQL: SELECT COUNT(note_id) AS tp_Count FROM `en_note` WHERE ( admin_id=1 and note_group="MYLL" ) LIMIT 1   [ RunTime:0.0000s ]
SQL: SELECT * FROM `en_note` WHERE `admin_id` = 1 AND `note_group` = 'MYLL'  [ RunTime:0.0010s ]

[ 2016-09-10T09:10:42+08:00 ] ::1 /easyNote/index.php/getOpenNote
INFO: [ app_init ] --START--
INFO: Run Behavior\BuildLiteBehavior [ RunTime:0.000000s ]
INFO: [ app_init ] --END-- [ RunTime:0.001000s ]
INFO: [ app_begin ] --START--
INFO: Run Behavior\ReadHtmlCacheBehavior [ RunTime:0.001000s ]
INFO: [ app_begin ] --END-- [ RunTime:0.001000s ]
SQL: SHOW COLUMNS FROM `en_note` [ RunTime:0.0040s ]
SQL: SELECT * FROM `en_note` WHERE ( note_status=-1 )  [ RunTime:0.0000s ]

[ 2016-09-10T09:55:08+08:00 ] ::1 /easyNote/index.php/getGroupsCount?admin_id=1
INFO: [ app_init ] --START--
INFO: Run Behavior\BuildLiteBehavior [ RunTime:0.000000s ]
INFO: [ app_init ] --END-- [ RunTime:0.000000s ]
INFO: [ app_begin ] --START--
INFO: Run Behavior\ReadHtmlCacheBehavior [ RunTime:0.001000s ]
INFO: [ app_begin ] --END-- [ RunTime:0.001000s ]
SQL: SHOW COLUMNS FROM `en_admin` [ RunTime:0.0040s ]
SQL: SELECT * FROM `en_admin` WHERE ( admin_id=1 ) LIMIT 1   [ RunTime:0.0010s ]
SQL: SHOW COLUMNS FROM `en_group` [ RunTime:0.0040s ]
SQL: SELECT `group_name` FROM `en_group` WHERE ( admin_id=1 )  [ RunTime:0.0010s ]
SQL: SHOW COLUMNS FROM `en_note` [ RunTime:0.0030s ]
SQL: SELECT COUNT(note_id) AS tp_Count FROM `en_note` WHERE ( admin_id=1 and note_group="生活杂记" ) LIMIT 1   [ RunTime:0.0000s ]
SQL: SELECT * FROM `en_note` WHERE `admin_id` = 1 AND `note_group` = '生活杂记'  [ RunTime:0.0000s ]
NOTIC: [8] Undefined index: note_createtime D:\PHP\wamp\www\easyNote\Application\Common\Model\NoteModel.class.php 第 25 行.
NOTIC: [8] Undefined index: note_modifytime D:\PHP\wamp\www\easyNote\Application\Common\Model\NoteModel.class.php 第 26 行.
SQL: SELECT COUNT(note_id) AS tp_Count FROM `en_note` WHERE ( admin_id=1 and note_group="心情随笔" ) LIMIT 1   [ RunTime:0.0010s ]
SQL: SELECT * FROM `en_note` WHERE `admin_id` = 1 AND `note_group` = '心情随笔'  [ RunTime:0.0000s ]
SQL: SELECT COUNT(note_id) AS tp_Count FROM `en_note` WHERE ( admin_id=1 and note_group="工作笔记" ) LIMIT 1   [ RunTime:0.0000s ]
SQL: SELECT * FROM `en_note` WHERE `admin_id` = 1 AND `note_group` = '工作笔记'  [ RunTime:0.0000s ]
SQL: SELECT COUNT(note_id) AS tp_Count FROM `en_note` WHERE ( admin_id=1 and note_group="myLove" ) LIMIT 1   [ RunTime:0.0000s ]
SQL: SELECT * FROM `en_note` WHERE `admin_id` = 1 AND `note_group` = 'myLove'  [ RunTime:0.0000s ]
SQL: SELECT COUNT(note_id) AS tp_Count FROM `en_note` WHERE ( admin_id=1 and note_group="MYLL" ) LIMIT 1   [ RunTime:0.0000s ]
SQL: SELECT * FROM `en_note` WHERE `admin_id` = 1 AND `note_group` = 'MYLL'  [ RunTime:0.0000s ]

[ 2016-09-10T09:56:15+08:00 ] ::1 /easyNote/index.php/getOpenNote
INFO: [ app_init ] --START--
INFO: Run Behavior\BuildLiteBehavior [ RunTime:0.000000s ]
INFO: [ app_init ] --END-- [ RunTime:0.001000s ]
INFO: [ app_begin ] --START--
INFO: Run Behavior\ReadHtmlCacheBehavior [ RunTime:0.000000s ]
INFO: [ app_begin ] --END-- [ RunTime:0.000000s ]
SQL: SHOW COLUMNS FROM `en_note` [ RunTime:0.0040s ]
SQL: SELECT * FROM `en_note` WHERE ( note_status=-1 )  [ RunTime:0.0000s ]

[ 2016-09-10T10:00:10+08:00 ] ::1 /easyNote/index.php/getGroupsCount?admin_id=1
INFO: [ app_init ] --START--
INFO: Run Behavior\BuildLiteBehavior [ RunTime:0.000000s ]
INFO: [ app_init ] --END-- [ RunTime:0.001000s ]
INFO: [ app_begin ] --START--
INFO: Run Behavior\ReadHtmlCacheBehavior [ RunTime:0.001000s ]
INFO: [ app_begin ] --END-- [ RunTime:0.001000s ]
SQL: SHOW COLUMNS FROM `en_admin` [ RunTime:0.0040s ]
SQL: SELECT * FROM `en_admin` WHERE ( admin_id=1 ) LIMIT 1   [ RunTime:0.0010s ]
SQL: SHOW COLUMNS FROM `en_group` [ RunTime:0.0030s ]
SQL: SELECT `group_name` FROM `en_group` WHERE ( admin_id=1 )  [ RunTime:0.0010s ]
SQL: SHOW COLUMNS FROM `en_note` [ RunTime:0.0030s ]
SQL: SELECT COUNT(note_id) AS tp_Count FROM `en_note` WHERE ( admin_id=1 and note_group="生活杂记" ) LIMIT 1   [ RunTime:0.0000s ]
SQL: SELECT * FROM `en_note` WHERE `admin_id` = 1 AND `note_group` = '生活杂记'  [ RunTime:0.0000s ]
NOTIC: [8] Undefined index: note_createtime D:\PHP\wamp\www\easyNote\Application\Common\Model\NoteModel.class.php 第 25 行.
NOTIC: [8] Undefined index: note_modifytime D:\PHP\wamp\www\easyNote\Application\Common\Model\NoteModel.class.php 第 26 行.
SQL: SELECT COUNT(note_id) AS tp_Count FROM `en_note` WHERE ( admin_id=1 and note_group="心情随笔" ) LIMIT 1   [ RunTime:0.0000s ]
SQL: SELECT * FROM `en_note` WHERE `admin_id` = 1 AND `note_group` = '心情随笔'  [ RunTime:0.0000s ]
SQL: SELECT COUNT(note_id) AS tp_Count FROM `en_note` WHERE ( admin_id=1 and note_group="工作笔记" ) LIMIT 1   [ RunTime:0.0000s ]
SQL: SELECT * FROM `en_note` WHERE `admin_id` = 1 AND `note_group` = '工作笔记'  [ RunTime:0.0010s ]
SQL: SELECT COUNT(note_id) AS tp_Count FROM `en_note` WHERE ( admin_id=1 and note_group="myLove" ) LIMIT 1   [ RunTime:0.0000s ]
SQL: SELECT * FROM `en_note` WHERE `admin_id` = 1 AND `note_group` = 'myLove'  [ RunTime:0.0000s ]
SQL: SELECT COUNT(note_id) AS tp_Count FROM `en_note` WHERE ( admin_id=1 and note_group="MYLL" ) LIMIT 1   [ RunTime:0.0010s ]
SQL: SELECT * FROM `en_note` WHERE `admin_id` = 1 AND `note_group` = 'MYLL'  [ RunTime:0.0000s ]

[ 2016-09-10T10:01:23+08:00 ] ::1 /easyNote/index.php/getGroupsCount?admin_id=1
INFO: [ app_init ] --START--
INFO: Run Behavior\BuildLiteBehavior [ RunTime:0.000000s ]
INFO: [ app_init ] --END-- [ RunTime:0.000000s ]
INFO: [ app_begin ] --START--
INFO: Run Behavior\ReadHtmlCacheBehavior [ RunTime:0.001001s ]
INFO: [ app_begin ] --END-- [ RunTime:0.001001s ]
SQL: SHOW COLUMNS FROM `en_admin` [ RunTime:0.0030s ]
SQL: SELECT * FROM `en_admin` WHERE ( admin_id=1 ) LIMIT 1   [ RunTime:0.0000s ]
SQL: SHOW COLUMNS FROM `en_group` [ RunTime:0.0030s ]
SQL: SELECT `group_name` FROM `en_group` WHERE ( admin_id=1 )  [ RunTime:0.0010s ]
SQL: SHOW COLUMNS FROM `en_note` [ RunTime:0.0030s ]
SQL: SELECT COUNT(note_id) AS tp_Count FROM `en_note` WHERE ( admin_id=1 and note_group="生活杂记" ) LIMIT 1   [ RunTime:0.0010s ]
SQL: SELECT * FROM `en_note` WHERE `admin_id` = 1 AND `note_group` = '生活杂记'  [ RunTime:0.0010s ]
NOTIC: [8] Undefined index: note_createtime D:\PHP\wamp\www\easyNote\Application\Common\Model\NoteModel.class.php 第 25 行.
NOTIC: [8] Undefined index: note_modifytime D:\PHP\wamp\www\easyNote\Application\Common\Model\NoteModel.class.php 第 26 行.
SQL: SELECT COUNT(note_id) AS tp_Count FROM `en_note` WHERE ( admin_id=1 and note_group="心情随笔" ) LIMIT 1   [ RunTime:0.0000s ]
SQL: SELECT * FROM `en_note` WHERE `admin_id` = 1 AND `note_group` = '心情随笔'  [ RunTime:0.0000s ]
SQL: SELECT COUNT(note_id) AS tp_Count FROM `en_note` WHERE ( admin_id=1 and note_group="工作笔记" ) LIMIT 1   [ RunTime:0.0010s ]
SQL: SELECT * FROM `en_note` WHERE `admin_id` = 1 AND `note_group` = '工作笔记'  [ RunTime:0.0010s ]
SQL: SELECT COUNT(note_id) AS tp_Count FROM `en_note` WHERE ( admin_id=1 and note_group="myLove" ) LIMIT 1   [ RunTime:0.0000s ]
SQL: SELECT * FROM `en_note` WHERE `admin_id` = 1 AND `note_group` = 'myLove'  [ RunTime:0.0000s ]
SQL: SELECT COUNT(note_id) AS tp_Count FROM `en_note` WHERE ( admin_id=1 and note_group="MYLL" ) LIMIT 1   [ RunTime:0.0000s ]
SQL: SELECT * FROM `en_note` WHERE `admin_id` = 1 AND `note_group` = 'MYLL'  [ RunTime:0.0000s ]

[ 2016-09-10T10:02:56+08:00 ] ::1 /easyNote/index.php/getGroupsCount?admin_id=1
INFO: [ app_init ] --START--
INFO: Run Behavior\BuildLiteBehavior [ RunTime:0.000000s ]
INFO: [ app_init ] --END-- [ RunTime:0.000000s ]
INFO: [ app_begin ] --START--
INFO: Run Behavior\ReadHtmlCacheBehavior [ RunTime:0.001000s ]
INFO: [ app_begin ] --END-- [ RunTime:0.001000s ]
SQL: SHOW COLUMNS FROM `en_admin` [ RunTime:0.0050s ]
SQL: SELECT * FROM `en_admin` WHERE ( admin_id=1 ) LIMIT 1   [ RunTime:0.0000s ]
SQL: SHOW COLUMNS FROM `en_group` [ RunTime:0.0030s ]
SQL: SELECT `group_name` FROM `en_group` WHERE ( admin_id=1 )  [ RunTime:0.0000s ]
SQL: SHOW COLUMNS FROM `en_note` [ RunTime:0.0030s ]
SQL: SELECT COUNT(note_id) AS tp_Count FROM `en_note` WHERE ( admin_id=1 and note_group="生活杂记" ) LIMIT 1   [ RunTime:0.0010s ]
SQL: SELECT * FROM `en_note` WHERE `admin_id` = 1 AND `note_group` = '生活杂记'  [ RunTime:0.0010s ]
NOTIC: [8] Undefined index: note_createtime D:\PHP\wamp\www\easyNote\Application\Common\Model\NoteModel.class.php 第 25 行.
NOTIC: [8] Undefined index: note_modifytime D:\PHP\wamp\www\easyNote\Application\Common\Model\NoteModel.class.php 第 26 行.
SQL: SELECT COUNT(note_id) AS tp_Count FROM `en_note` WHERE ( admin_id=1 and note_group="心情随笔" ) LIMIT 1   [ RunTime:0.0000s ]
SQL: SELECT * FROM `en_note` WHERE `admin_id` = 1 AND `note_group` = '心情随笔'  [ RunTime:0.0010s ]
SQL: SELECT COUNT(note_id) AS tp_Count FROM `en_note` WHERE ( admin_id=1 and note_group="工作笔记" ) LIMIT 1   [ RunTime:0.0010s ]
SQL: SELECT * FROM `en_note` WHERE `admin_id` = 1 AND `note_group` = '工作笔记'  [ RunTime:0.0010s ]
SQL: SELECT COUNT(note_id) AS tp_Count FROM `en_note` WHERE ( admin_id=1 and note_group="myLove" ) LIMIT 1   [ RunTime:0.0000s ]
SQL: SELECT * FROM `en_note` WHERE `admin_id` = 1 AND `note_group` = 'myLove'  [ RunTime:0.0000s ]
SQL: SELECT COUNT(note_id) AS tp_Count FROM `en_note` WHERE ( admin_id=1 and note_group="MYLL" ) LIMIT 1   [ RunTime:0.0000s ]
SQL: SELECT * FROM `en_note` WHERE `admin_id` = 1 AND `note_group` = 'MYLL'  [ RunTime:0.0010s ]

[ 2016-09-10T10:07:58+08:00 ] ::1 /easyNote/index.php/getGroupsCount?admin_id=1
INFO: [ app_init ] --START--
INFO: Run Behavior\BuildLiteBehavior [ RunTime:0.000000s ]
INFO: [ app_init ] --END-- [ RunTime:0.001000s ]
INFO: [ app_begin ] --START--
INFO: Run Behavior\ReadHtmlCacheBehavior [ RunTime:0.000000s ]
INFO: [ app_begin ] --END-- [ RunTime:0.001000s ]
SQL: SHOW COLUMNS FROM `en_admin` [ RunTime:0.0030s ]
SQL: SELECT * FROM `en_admin` WHERE ( admin_id=1 ) LIMIT 1   [ RunTime:0.0010s ]
SQL: SHOW COLUMNS FROM `en_group` [ RunTime:0.0030s ]
SQL: SELECT `group_name` FROM `en_group` WHERE ( admin_id=1 )  [ RunTime:0.0010s ]
SQL: SHOW COLUMNS FROM `en_note` [ RunTime:0.0040s ]
SQL: SELECT COUNT(note_id) AS tp_Count FROM `en_note` WHERE ( admin_id=1 and note_group="生活杂记" ) LIMIT 1   [ RunTime:0.0010s ]
SQL: SELECT * FROM `en_note` WHERE `admin_id` = 1 AND `note_group` = '生活杂记'  [ RunTime:0.0000s ]
SQL: SELECT COUNT(note_id) AS tp_Count FROM `en_note` WHERE ( admin_id=1 and note_group="心情随笔" ) LIMIT 1   [ RunTime:0.0000s ]
SQL: SELECT * FROM `en_note` WHERE `admin_id` = 1 AND `note_group` = '心情随笔'  [ RunTime:0.0010s ]
SQL: SELECT COUNT(note_id) AS tp_Count FROM `en_note` WHERE ( admin_id=1 and note_group="工作笔记" ) LIMIT 1   [ RunTime:0.0000s ]
SQL: SELECT * FROM `en_note` WHERE `admin_id` = 1 AND `note_group` = '工作笔记'  [ RunTime:0.0010s ]
SQL: SELECT COUNT(note_id) AS tp_Count FROM `en_note` WHERE ( admin_id=1 and note_group="myLove" ) LIMIT 1   [ RunTime:0.0000s ]
SQL: SELECT * FROM `en_note` WHERE `admin_id` = 1 AND `note_group` = 'myLove'  [ RunTime:0.0000s ]
SQL: SELECT COUNT(note_id) AS tp_Count FROM `en_note` WHERE ( admin_id=1 and note_group="MYLL" ) LIMIT 1   [ RunTime:0.0000s ]
SQL: SELECT * FROM `en_note` WHERE `admin_id` = 1 AND `note_group` = 'MYLL'  [ RunTime:0.0000s ]

[ 2016-09-10T10:08:57+08:00 ] ::1 /easyNote/index.php/getGroupsCount?admin_id=1
INFO: [ app_init ] --START--
INFO: Run Behavior\BuildLiteBehavior [ RunTime:0.000000s ]
INFO: [ app_init ] --END-- [ RunTime:0.001000s ]
INFO: [ app_begin ] --START--
INFO: Run Behavior\ReadHtmlCacheBehavior [ RunTime:0.001000s ]
INFO: [ app_begin ] --END-- [ RunTime:0.001000s ]
SQL: SHOW COLUMNS FROM `en_admin` [ RunTime:0.0040s ]
SQL: SELECT * FROM `en_admin` WHERE ( admin_id=1 ) LIMIT 1   [ RunTime:0.0010s ]
SQL: SHOW COLUMNS FROM `en_group` [ RunTime:0.0030s ]
SQL: SELECT `group_name` FROM `en_group` WHERE ( admin_id=1 )  [ RunTime:0.0000s ]
SQL: SHOW COLUMNS FROM `en_note` [ RunTime:0.0040s ]
SQL: SELECT COUNT(note_id) AS tp_Count FROM `en_note` WHERE ( admin_id=1 and note_group="生活杂记" ) LIMIT 1   [ RunTime:0.0000s ]
SQL: SELECT * FROM `en_note` WHERE `admin_id` = 1 AND `note_group` = '生活杂记'  [ RunTime:0.0000s ]
SQL: SELECT COUNT(note_id) AS tp_Count FROM `en_note` WHERE ( admin_id=1 and note_group="心情随笔" ) LIMIT 1   [ RunTime:0.0000s ]
SQL: SELECT * FROM `en_note` WHERE `admin_id` = 1 AND `note_group` = '心情随笔'  [ RunTime:0.0000s ]
SQL: SELECT COUNT(note_id) AS tp_Count FROM `en_note` WHERE ( admin_id=1 and note_group="工作笔记" ) LIMIT 1   [ RunTime:0.0010s ]
SQL: SELECT * FROM `en_note` WHERE `admin_id` = 1 AND `note_group` = '工作笔记'  [ RunTime:0.0010s ]
SQL: SELECT COUNT(note_id) AS tp_Count FROM `en_note` WHERE ( admin_id=1 and note_group="myLove" ) LIMIT 1   [ RunTime:0.0000s ]
SQL: SELECT * FROM `en_note` WHERE `admin_id` = 1 AND `note_group` = 'myLove'  [ RunTime:0.0000s ]
SQL: SELECT COUNT(note_id) AS tp_Count FROM `en_note` WHERE ( admin_id=1 and note_group="MYLL" ) LIMIT 1   [ RunTime:0.0000s ]
SQL: SELECT * FROM `en_note` WHERE `admin_id` = 1 AND `note_group` = 'MYLL'  [ RunTime:0.0010s ]

