[ 2016-09-09T15:47:16+08:00 ] ::1 /easyNote/index.php/note/myupload/upload
INFO: [ app_init ] --START--
INFO: Run Behavior\BuildLiteBehavior [ RunTime:0.000000s ]
INFO: [ app_init ] --END-- [ RunTime:0.015600s ]
INFO: [ app_begin ] --START--
INFO: Run Behavior\ReadHtmlCacheBehavior [ RunTime:0.001000s ]
INFO: [ app_begin ] --END-- [ RunTime:0.001000s ]
ERR: 无法加载控制器:Myupload

[ 2016-09-09T15:49:40+08:00 ] ::1 /easyNote/index.php/note/note/getGroupscount?admin_id=1
INFO: [ app_init ] --START--
INFO: Run Behavior\BuildLiteBehavior [ RunTime:0.001000s ]
INFO: [ app_init ] --END-- [ RunTime:0.001000s ]
INFO: [ app_begin ] --START--
INFO: Run Behavior\ReadHtmlCacheBehavior [ RunTime:0.001000s ]
INFO: [ app_begin ] --END-- [ RunTime:0.001000s ]
SQL: SHOW COLUMNS FROM `en_admin` [ RunTime:0.0340s ]
SQL: SELECT * FROM `en_admin` WHERE ( admin_id=1 ) LIMIT 1   [ RunTime:0.0000s ]
SQL: SHOW COLUMNS FROM `en_group` [ RunTime:0.0310s ]
SQL: SELECT `group_name` FROM `en_group` WHERE ( admin_id=1 )  [ RunTime:0.0000s ]
SQL: SHOW COLUMNS FROM `en_note` [ RunTime:0.0200s ]
SQL: SELECT COUNT(note_id) AS tp_Count FROM `en_note` WHERE ( admin_id=1 and note_group="生活杂记" ) LIMIT 1   [ RunTime:0.0000s ]
SQL: SELECT COUNT(note_id) AS tp_Count FROM `en_note` WHERE ( admin_id=1 and note_group="心情随笔" ) LIMIT 1   [ RunTime:0.0000s ]
SQL: SELECT COUNT(note_id) AS tp_Count FROM `en_note` WHERE ( admin_id=1 and note_group="工作笔记" ) LIMIT 1   [ RunTime:0.0000s ]
SQL: SELECT COUNT(note_id) AS tp_Count FROM `en_note` WHERE ( admin_id=1 and note_group="myLove" ) LIMIT 1   [ RunTime:0.0000s ]
SQL: SELECT COUNT(note_id) AS tp_Count FROM `en_note` WHERE ( admin_id=1 and note_group="MYLL" ) LIMIT 1   [ RunTime:0.0010s ]

[ 2016-09-09T15:50:01+08:00 ] ::1 /easyNote/index.php/note/myupload
INFO: [ app_init ] --START--
INFO: Run Behavior\BuildLiteBehavior [ RunTime:0.000000s ]
INFO: [ app_init ] --END-- [ RunTime:0.000000s ]
INFO: [ app_begin ] --START--
INFO: Run Behavior\ReadHtmlCacheBehavior [ RunTime:0.000000s ]
INFO: [ app_begin ] --END-- [ RunTime:0.000000s ]
ERR: 无法加载控制器:Myupload

[ 2016-09-09T15:50:48+08:00 ] ::1 /easyNote/index.php/note/myupload
INFO: [ app_init ] --START--
INFO: Run Behavior\BuildLiteBehavior [ RunTime:0.000000s ]
INFO: [ app_init ] --END-- [ RunTime:0.001000s ]
INFO: [ app_begin ] --START--
INFO: Run Behavior\ReadHtmlCacheBehavior [ RunTime:0.001000s ]
INFO: [ app_begin ] --END-- [ RunTime:0.001000s ]
ERR: 无法加载控制器:Myupload

[ 2016-09-09T15:50:56+08:00 ] ::1 /easyNote/index.php/note/myupload/upload
INFO: [ app_init ] --START--
INFO: Run Behavior\BuildLiteBehavior [ RunTime:0.000000s ]
INFO: [ app_init ] --END-- [ RunTime:0.000000s ]
INFO: [ app_begin ] --START--
INFO: Run Behavior\ReadHtmlCacheBehavior [ RunTime:0.000000s ]
INFO: [ app_begin ] --END-- [ RunTime:0.000000s ]
ERR: 无法加载控制器:Myupload

[ 2016-09-09T15:51:05+08:00 ] ::1 /easyNote/index.php/note/myupload/upload
INFO: [ app_init ] --START--
INFO: Run Behavior\BuildLiteBehavior [ RunTime:0.000000s ]
INFO: [ app_init ] --END-- [ RunTime:0.001000s ]
INFO: [ app_begin ] --START--
INFO: Run Behavior\ReadHtmlCacheBehavior [ RunTime:0.001000s ]
INFO: [ app_begin ] --END-- [ RunTime:0.001000s ]
ERR: 无法加载控制器:Myupload

[ 2016-09-09T15:51:07+08:00 ] ::1 /easyNote/index.php/note/myupload/upload
INFO: [ app_init ] --START--
INFO: Run Behavior\BuildLiteBehavior [ RunTime:0.000000s ]
INFO: [ app_init ] --END-- [ RunTime:0.001000s ]
INFO: [ app_begin ] --START--
INFO: Run Behavior\ReadHtmlCacheBehavior [ RunTime:0.002001s ]
INFO: [ app_begin ] --END-- [ RunTime:0.002001s ]
ERR: 无法加载控制器:Myupload

[ 2016-09-09T15:51:23+08:00 ] ::1 /easyNote/index.php/note/myupload/upload
INFO: [ app_init ] --START--
INFO: Run Behavior\BuildLiteBehavior [ RunTime:0.000000s ]
INFO: [ app_init ] --END-- [ RunTime:0.000000s ]
INFO: [ app_begin ] --START--
INFO: Run Behavior\ReadHtmlCacheBehavior [ RunTime:0.001000s ]
INFO: [ app_begin ] --END-- [ RunTime:0.001000s ]
ERR: 无法加载控制器:Myupload

[ 2016-09-09T15:51:27+08:00 ] ::1 /easyNote/index.php/note/myupload/upload
INFO: [ app_init ] --START--
INFO: Run Behavior\BuildLiteBehavior [ RunTime:0.000000s ]
INFO: [ app_init ] --END-- [ RunTime:0.000000s ]
INFO: [ app_begin ] --START--
INFO: Run Behavior\ReadHtmlCacheBehavior [ RunTime:0.000000s ]
INFO: [ app_begin ] --END-- [ RunTime:0.000000s ]
ERR: 无法加载控制器:Myupload

[ 2016-09-09T15:52:36+08:00 ] ::1 /easyNote/index.php/note/Download/upload
INFO: [ app_init ] --START--
INFO: Run Behavior\BuildLiteBehavior [ RunTime:0.000000s ]
INFO: [ app_init ] --END-- [ RunTime:0.000000s ]
INFO: [ app_begin ] --START--
INFO: Run Behavior\ReadHtmlCacheBehavior [ RunTime:0.000000s ]
INFO: [ app_begin ] --END-- [ RunTime:0.000000s ]
NOTIC: [8] Undefined variable: info D:\PHP\wamp\www\easyNote\Application\Note\Controller\DownloadController.class.php 第 18 行.

[ 2016-09-09T15:53:13+08:00 ] ::1 /easyNote/index.php/note/viwe
INFO: [ app_init ] --START--
INFO: Run Behavior\BuildLiteBehavior [ RunTime:0.000000s ]
INFO: [ app_init ] --END-- [ RunTime:0.000000s ]
INFO: [ app_begin ] --START--
INFO: Run Behavior\ReadHtmlCacheBehavior [ RunTime:0.000000s ]
INFO: [ app_begin ] --END-- [ RunTime:0.001000s ]
ERR: 无法加载控制器:Viwe

[ 2016-09-09T15:53:17+08:00 ] ::1 /easyNote/index.php/note/view
INFO: [ app_init ] --START--
INFO: Run Behavior\BuildLiteBehavior [ RunTime:0.000000s ]
INFO: [ app_init ] --END-- [ RunTime:0.001000s ]
INFO: [ app_begin ] --START--
INFO: Run Behavior\ReadHtmlCacheBehavior [ RunTime:0.001000s ]
INFO: [ app_begin ] --END-- [ RunTime:0.001000s ]
ERR: 无法加载控制器:View

[ 2016-09-09T15:53:31+08:00 ] ::1 /easyNote/index.php/note/view/upload.html
INFO: [ app_init ] --START--
INFO: Run Behavior\BuildLiteBehavior [ RunTime:0.000000s ]
INFO: [ app_init ] --END-- [ RunTime:0.000000s ]
INFO: [ app_begin ] --START--
INFO: Run Behavior\ReadHtmlCacheBehavior [ RunTime:0.015600s ]
INFO: [ app_begin ] --END-- [ RunTime:0.015600s ]
ERR: 无法加载控制器:View

[ 2016-09-09T15:55:11+08:00 ] ::1 /easyNote/index.php/note/Download/upload
INFO: [ app_init ] --START--
INFO: Run Behavior\BuildLiteBehavior [ RunTime:0.000000s ]
INFO: [ app_init ] --END-- [ RunTime:0.001000s ]
INFO: [ app_begin ] --START--
INFO: Run Behavior\ReadHtmlCacheBehavior [ RunTime:0.001001s ]
INFO: [ app_begin ] --END-- [ RunTime:0.001001s ]
NOTIC: [8] Undefined variable: info D:\PHP\wamp\www\easyNote\Application\Note\Controller\DownloadController.class.php 第 18 行.

[ 2016-09-09T15:56:18+08:00 ] ::1 /easyNote/index.php/note/Download/upload
INFO: [ app_init ] --START--
INFO: Run Behavior\BuildLiteBehavior [ RunTime:0.000000s ]
INFO: [ app_init ] --END-- [ RunTime:0.000000s ]
INFO: [ app_begin ] --START--
INFO: Run Behavior\ReadHtmlCacheBehavior [ RunTime:0.000000s ]
INFO: [ app_begin ] --END-- [ RunTime:0.000000s ]
NOTIC: [8] Undefined variable: info D:\PHP\wamp\www\easyNote\Application\Note\Controller\DownloadController.class.php 第 19 行.

[ 2016-09-09T15:56:46+08:00 ] ::1 /easyNote/index.php/note/Download/upload
INFO: [ app_init ] --START--
INFO: Run Behavior\BuildLiteBehavior [ RunTime:0.001000s ]
INFO: [ app_init ] --END-- [ RunTime:0.001000s ]
INFO: [ app_begin ] --START--
INFO: Run Behavior\ReadHtmlCacheBehavior [ RunTime:0.001000s ]
INFO: [ app_begin ] --END-- [ RunTime:0.001000s ]
NOTIC: [8] Undefined variable: info D:\PHP\wamp\www\easyNote\Application\Note\Controller\DownloadController.class.php 第 19 行.

[ 2016-09-09T15:57:37+08:00 ] ::1 /easyNote/index.php/note/Download/upload
INFO: [ app_init ] --START--
INFO: Run Behavior\BuildLiteBehavior [ RunTime:0.000000s ]
INFO: [ app_init ] --END-- [ RunTime:0.001000s ]
INFO: [ app_begin ] --START--
INFO: Run Behavior\ReadHtmlCacheBehavior [ RunTime:0.001000s ]
INFO: [ app_begin ] --END-- [ RunTime:0.001000s ]
NOTIC: [8] Undefined variable: info D:\PHP\wamp\www\easyNote\Application\Note\Controller\DownloadController.class.php 第 19 行.

[ 2016-09-09T16:00:48+08:00 ] ::1 /easyNote/index.php/note/Download/upload
INFO: [ app_init ] --START--
INFO: Run Behavior\BuildLiteBehavior [ RunTime:0.000000s ]
INFO: [ app_init ] --END-- [ RunTime:0.001000s ]
INFO: [ app_begin ] --START--
INFO: Run Behavior\ReadHtmlCacheBehavior [ RunTime:0.001000s ]
INFO: [ app_begin ] --END-- [ RunTime:0.001000s ]
NOTIC: [8] Undefined variable: info D:\PHP\wamp\www\easyNote\Application\Note\Controller\DownloadController.class.php 第 20 行.

[ 2016-09-09T16:21:47+08:00 ] ::1 /easyNote/index.php/note/Download/upload
INFO: [ app_init ] --START--
INFO: Run Behavior\BuildLiteBehavior [ RunTime:0.000000s ]
INFO: [ app_init ] --END-- [ RunTime:0.000000s ]
INFO: [ app_begin ] --START--
INFO: Run Behavior\ReadHtmlCacheBehavior [ RunTime:0.001000s ]
INFO: [ app_begin ] --END-- [ RunTime:0.001000s ]
NOTIC: [2] call_user_func() expects parameter 1 to be a valid callback, no array or string given D:\PHP\wamp\www\easyNote\ThinkPHP\Library\Think\Upload.class.php 第 170 行.
NOTIC: [8] Undefined index: saveName D:\PHP\wamp\www\easyNote\Application\Note\Controller\DownloadController.class.php 第 26 行.
INFO: [ app_end ] --START--
INFO: Run Behavior\ShowPageTraceBehavior [ RunTime:0.001000s ]
INFO: [ app_end ] --END-- [ RunTime:0.001000s ]

[ 2016-09-09T16:22:38+08:00 ] ::1 /easyNote/index.php/note/Download/upload
INFO: [ app_init ] --START--
INFO: Run Behavior\BuildLiteBehavior [ RunTime:0.000000s ]
INFO: [ app_init ] --END-- [ RunTime:0.002000s ]
INFO: [ app_begin ] --START--
INFO: Run Behavior\ReadHtmlCacheBehavior [ RunTime:0.001000s ]
INFO: [ app_begin ] --END-- [ RunTime:0.001000s ]

[ 2016-09-09T16:25:37+08:00 ] ::1 /easyNote/index.php/note/Download/upload
INFO: [ app_init ] --START--
INFO: Run Behavior\BuildLiteBehavior [ RunTime:0.000000s ]
INFO: [ app_init ] --END-- [ RunTime:0.000000s ]
INFO: [ app_begin ] --START--
INFO: Run Behavior\ReadHtmlCacheBehavior [ RunTime:0.001000s ]
INFO: [ app_begin ] --END-- [ RunTime:0.001000s ]
NOTIC: [2] call_user_func() expects parameter 1 to be a valid callback, no array or string given D:\PHP\wamp\www\easyNote\ThinkPHP\Library\Think\Upload.class.php 第 170 行.
INFO: [ app_end ] --START--
INFO: Run Behavior\ShowPageTraceBehavior [ RunTime:0.001000s ]
INFO: [ app_end ] --END-- [ RunTime:0.001000s ]

[ 2016-09-09T16:28:06+08:00 ] ::1 /easyNote/index.php/note/Download/upload
INFO: [ app_init ] --START--
INFO: Run Behavior\BuildLiteBehavior [ RunTime:0.000000s ]
INFO: [ app_init ] --END-- [ RunTime:0.001000s ]
INFO: [ app_begin ] --START--
INFO: Run Behavior\ReadHtmlCacheBehavior [ RunTime:0.001000s ]
INFO: [ app_begin ] --END-- [ RunTime:0.001000s ]
NOTIC: [2] call_user_func() expects parameter 1 to be a valid callback, no array or string given D:\PHP\wamp\www\easyNote\ThinkPHP\Library\Think\Upload.class.php 第 170 行.

[ 2016-09-09T16:29:14+08:00 ] ::1 /easyNote/index.php/note/Download/upload
INFO: [ app_init ] --START--
INFO: Run Behavior\BuildLiteBehavior [ RunTime:0.000000s ]
INFO: [ app_init ] --END-- [ RunTime:0.002000s ]
INFO: [ app_begin ] --START--
INFO: Run Behavior\ReadHtmlCacheBehavior [ RunTime:0.001000s ]
INFO: [ app_begin ] --END-- [ RunTime:0.001000s ]
NOTIC: [2] call_user_func() expects parameter 1 to be a valid callback, no array or string given D:\PHP\wamp\www\easyNote\ThinkPHP\Library\Think\Upload.class.php 第 170 行.

[ 2016-09-09T22:13:59+08:00 ] ::1 /easyNote/index.php/getGroupsCount
INFO: [ app_init ] --START--
INFO: Run Behavior\BuildLiteBehavior [ RunTime:0.000000s ]
INFO: [ app_init ] --END-- [ RunTime:0.000000s ]
INFO: [ app_begin ] --START--
INFO: Run Behavior\ReadHtmlCacheBehavior [ RunTime:0.001000s ]
INFO: [ app_begin ] --END-- [ RunTime:0.001000s ]

[ 2016-09-09T22:14:05+08:00 ] ::1 /easyNote/index.php/getGroupsCount?admin_id=
INFO: [ app_init ] --START--
INFO: Run Behavior\BuildLiteBehavior [ RunTime:0.000000s ]
INFO: [ app_init ] --END-- [ RunTime:0.000000s ]
INFO: [ app_begin ] --START--
INFO: Run Behavior\ReadHtmlCacheBehavior [ RunTime:0.001000s ]
INFO: [ app_begin ] --END-- [ RunTime:0.001000s ]

[ 2016-09-09T22:14:09+08:00 ] ::1 /easyNote/index.php/getGroupsCount?admin_id=1
INFO: [ app_init ] --START--
INFO: Run Behavior\BuildLiteBehavior [ RunTime:0.000000s ]
INFO: [ app_init ] --END-- [ RunTime:0.001000s ]
INFO: [ app_begin ] --START--
INFO: Run Behavior\ReadHtmlCacheBehavior [ RunTime:0.001000s ]
INFO: [ app_begin ] --END-- [ RunTime:0.001000s ]
SQL: SHOW COLUMNS FROM `en_admin` [ RunTime:0.0030s ]
SQL: SELECT * FROM `en_admin` WHERE ( admin_id=1 ) LIMIT 1   [ RunTime:0.0010s ]
SQL: SHOW COLUMNS FROM `en_group` [ RunTime:0.0030s ]
SQL: SELECT `group_name` FROM `en_group` WHERE ( admin_id=1 )  [ RunTime:0.0010s ]
SQL: SHOW COLUMNS FROM `en_note` [ RunTime:0.0030s ]
SQL: SELECT COUNT(note_id) AS tp_Count FROM `en_note` WHERE ( admin_id=1 and note_group="生活杂记" ) LIMIT 1   [ RunTime:0.0000s ]
SQL: SELECT COUNT(note_id) AS tp_Count FROM `en_note` WHERE ( admin_id=1 and note_group="心情随笔" ) LIMIT 1   [ RunTime:0.0000s ]
SQL: SELECT COUNT(note_id) AS tp_Count FROM `en_note` WHERE ( admin_id=1 and note_group="工作笔记" ) LIMIT 1   [ RunTime:0.0000s ]
SQL: SELECT COUNT(note_id) AS tp_Count FROM `en_note` WHERE ( admin_id=1 and note_group="myLove" ) LIMIT 1   [ RunTime:0.0000s ]
SQL: SELECT COUNT(note_id) AS tp_Count FROM `en_note` WHERE ( admin_id=1 and note_group="MYLL" ) LIMIT 1   [ RunTime:0.0000s ]

[ 2016-09-09T22:21:35+08:00 ] ::1 /easyNote/index.php/getGroupsCount?admin_id=
INFO: [ app_init ] --START--
INFO: Run Behavior\BuildLiteBehavior [ RunTime:0.000000s ]
INFO: [ app_init ] --END-- [ RunTime:0.000000s ]
INFO: [ app_begin ] --START--
INFO: Run Behavior\ReadHtmlCacheBehavior [ RunTime:0.001000s ]
INFO: [ app_begin ] --END-- [ RunTime:0.001000s ]

[ 2016-09-09T22:21:41+08:00 ] ::1 /easyNote/index.php/getGroupsCount?admin_id=2
INFO: [ app_init ] --START--
INFO: Run Behavior\BuildLiteBehavior [ RunTime:0.000000s ]
INFO: [ app_init ] --END-- [ RunTime:0.001000s ]
INFO: [ app_begin ] --START--
INFO: Run Behavior\ReadHtmlCacheBehavior [ RunTime:0.001000s ]
INFO: [ app_begin ] --END-- [ RunTime:0.001000s ]
SQL: SHOW COLUMNS FROM `en_admin` [ RunTime:0.0040s ]
SQL: SELECT * FROM `en_admin` WHERE ( admin_id=2 ) LIMIT 1   [ RunTime:0.0010s ]

[ 2016-09-09T22:21:44+08:00 ] ::1 /easyNote/index.php/getGroupsCount?admin_id=1
INFO: [ app_init ] --START--
INFO: Run Behavior\BuildLiteBehavior [ RunTime:0.000000s ]
INFO: [ app_init ] --END-- [ RunTime:0.000000s ]
INFO: [ app_begin ] --START--
INFO: Run Behavior\ReadHtmlCacheBehavior [ RunTime:0.001000s ]
INFO: [ app_begin ] --END-- [ RunTime:0.001000s ]
SQL: SHOW COLUMNS FROM `en_admin` [ RunTime:0.0030s ]
SQL: SELECT * FROM `en_admin` WHERE ( admin_id=1 ) LIMIT 1   [ RunTime:0.0010s ]
SQL: SHOW COLUMNS FROM `en_group` [ RunTime:0.0020s ]
SQL: SELECT `group_name` FROM `en_group` WHERE ( admin_id=1 )  [ RunTime:0.0000s ]
SQL: SHOW COLUMNS FROM `en_note` [ RunTime:0.0020s ]
SQL: SELECT COUNT(note_id) AS tp_Count FROM `en_note` WHERE ( admin_id=1 and note_group="生活杂记" ) LIMIT 1   [ RunTime:0.0000s ]
SQL: SELECT COUNT(note_id) AS tp_Count FROM `en_note` WHERE ( admin_id=1 and note_group="心情随笔" ) LIMIT 1   [ RunTime:0.0000s ]
SQL: SELECT COUNT(note_id) AS tp_Count FROM `en_note` WHERE ( admin_id=1 and note_group="工作笔记" ) LIMIT 1   [ RunTime:0.0000s ]
SQL: SELECT COUNT(note_id) AS tp_Count FROM `en_note` WHERE ( admin_id=1 and note_group="myLove" ) LIMIT 1   [ RunTime:0.0000s ]
SQL: SELECT COUNT(note_id) AS tp_Count FROM `en_note` WHERE ( admin_id=1 and note_group="MYLL" ) LIMIT 1   [ RunTime:0.0000s ]

[ 2016-09-09T22:23:25+08:00 ] ::1 /easyNote/index.php/getGroupsCount?admin_id=1&note_group=%E7%94%9F%E6%B4%BB%E6%9D%82%E8%AE%B0
INFO: [ app_init ] --START--
INFO: Run Behavior\BuildLiteBehavior [ RunTime:0.000000s ]
INFO: [ app_init ] --END-- [ RunTime:0.000000s ]
INFO: [ app_begin ] --START--
INFO: Run Behavior\ReadHtmlCacheBehavior [ RunTime:0.015600s ]
INFO: [ app_begin ] --END-- [ RunTime:0.015600s ]
SQL: SHOW COLUMNS FROM `en_admin` [ RunTime:0.0030s ]
SQL: SELECT * FROM `en_admin` WHERE ( admin_id=1 ) LIMIT 1   [ RunTime:0.0000s ]
SQL: SHOW COLUMNS FROM `en_group` [ RunTime:0.0030s ]
SQL: SELECT `group_name` FROM `en_group` WHERE ( admin_id=1 )  [ RunTime:0.0000s ]
SQL: SHOW COLUMNS FROM `en_note` [ RunTime:0.0030s ]
SQL: SELECT COUNT(note_id) AS tp_Count FROM `en_note` WHERE ( admin_id=1 and note_group="生活杂记" ) LIMIT 1   [ RunTime:0.0010s ]
SQL: SELECT COUNT(note_id) AS tp_Count FROM `en_note` WHERE ( admin_id=1 and note_group="心情随笔" ) LIMIT 1   [ RunTime:0.0000s ]
SQL: SELECT COUNT(note_id) AS tp_Count FROM `en_note` WHERE ( admin_id=1 and note_group="工作笔记" ) LIMIT 1   [ RunTime:0.0000s ]
SQL: SELECT COUNT(note_id) AS tp_Count FROM `en_note` WHERE ( admin_id=1 and note_group="myLove" ) LIMIT 1   [ RunTime:0.0010s ]
SQL: SELECT COUNT(note_id) AS tp_Count FROM `en_note` WHERE ( admin_id=1 and note_group="MYLL" ) LIMIT 1   [ RunTime:0.0000s ]

[ 2016-09-09T22:23:36+08:00 ] ::1 /easyNote/index.php/getNote?admin_id=1&note_group=%E7%94%9F%E6%B4%BB%E6%9D%82%E8%AE%B0
INFO: [ app_init ] --START--
INFO: Run Behavior\BuildLiteBehavior [ RunTime:0.000000s ]
INFO: [ app_init ] --END-- [ RunTime:0.001000s ]
INFO: [ app_begin ] --START--
INFO: Run Behavior\ReadHtmlCacheBehavior [ RunTime:0.000000s ]
INFO: [ app_begin ] --END-- [ RunTime:0.001000s ]
SQL: SHOW COLUMNS FROM `en_admin` [ RunTime:0.0030s ]
SQL: SELECT * FROM `en_admin` WHERE ( admin_id=1 ) LIMIT 1   [ RunTime:0.0000s ]
SQL: SHOW COLUMNS FROM `en_group` [ RunTime:0.0030s ]
SQL: SELECT `group_name` FROM `en_group` WHERE ( admin_id=1 )  [ RunTime:0.0000s ]
SQL: SHOW COLUMNS FROM `en_note` [ RunTime:0.0030s ]
SQL: SELECT * FROM `en_note` WHERE `admin_id` = 1 AND `note_group` = '生活杂记' LIMIT 1   [ RunTime:0.0000s ]

[ 2016-09-09T22:32:53+08:00 ] ::1 /easyNote/index.php/getGroupsCount?admin_id=1
INFO: [ app_init ] --START--
INFO: Run Behavior\BuildLiteBehavior [ RunTime:0.000000s ]
INFO: [ app_init ] --END-- [ RunTime:0.000000s ]
INFO: [ app_begin ] --START--
INFO: Run Behavior\ReadHtmlCacheBehavior [ RunTime:0.001000s ]
INFO: [ app_begin ] --END-- [ RunTime:0.002000s ]
SQL: SHOW COLUMNS FROM `en_admin` [ RunTime:0.0040s ]
SQL: SELECT * FROM `en_admin` WHERE ( admin_id=1 ) LIMIT 1   [ RunTime:0.0000s ]
SQL: SHOW COLUMNS FROM `en_group` [ RunTime:0.0020s ]
SQL: SELECT `group_name` FROM `en_group` WHERE ( admin_id=1 )  [ RunTime:0.0000s ]
SQL: SHOW COLUMNS FROM `en_note` [ RunTime:0.0030s ]
SQL: SELECT COUNT(note_id) AS tp_Count FROM `en_note` WHERE ( admin_id=1 and note_group="生活杂记" ) LIMIT 1   [ RunTime:0.0000s ]

[ 2016-09-09T22:34:20+08:00 ] ::1 /easyNote/index.php/getGroupsCount?admin_id=1
INFO: [ app_init ] --START--
INFO: Run Behavior\BuildLiteBehavior [ RunTime:0.000000s ]
INFO: [ app_init ] --END-- [ RunTime:0.000000s ]
INFO: [ app_begin ] --START--
INFO: Run Behavior\ReadHtmlCacheBehavior [ RunTime:0.000000s ]
INFO: [ app_begin ] --END-- [ RunTime:0.001000s ]
SQL: SHOW COLUMNS FROM `en_admin` [ RunTime:0.0030s ]
SQL: SELECT * FROM `en_admin` WHERE ( admin_id=1 ) LIMIT 1   [ RunTime:0.0000s ]
SQL: SHOW COLUMNS FROM `en_group` [ RunTime:0.0020s ]
SQL: SELECT `group_name` FROM `en_group` WHERE ( admin_id=1 )  [ RunTime:0.0000s ]
SQL: SHOW COLUMNS FROM `en_note` [ RunTime:0.0020s ]
SQL: SELECT COUNT(note_id) AS tp_Count FROM `en_note` WHERE ( admin_id=1 and note_group="生活杂记" ) LIMIT 1   [ RunTime:0.0000s ]
SQL: SELECT * FROM `en_note` WHERE `admin_id` = 1 AND `note_group` = '生活杂记' LIMIT 1   [ RunTime:0.0000s ]
SQL: SELECT COUNT(note_id) AS tp_Count FROM `en_note` WHERE ( admin_id=1 and note_group="心情随笔" ) LIMIT 1   [ RunTime:0.0000s ]
SQL: SELECT * FROM `en_note` WHERE `admin_id` = 1 AND `note_group` = '心情随笔' LIMIT 1   [ RunTime:0.0000s ]
NOTIC: [8] Undefined index: note_modifytime D:\PHP\wamp\www\easyNote\Application\Common\Model\NoteModel.class.php 第 25 行.
SQL: SELECT COUNT(note_id) AS tp_Count FROM `en_note` WHERE ( admin_id=1 and note_group="工作笔记" ) LIMIT 1   [ RunTime:0.0010s ]
SQL: SELECT * FROM `en_note` WHERE `admin_id` = 1 AND `note_group` = '工作笔记' LIMIT 1   [ RunTime:0.0010s ]
NOTIC: [8] Undefined index: note_modifytime D:\PHP\wamp\www\easyNote\Application\Common\Model\NoteModel.class.php 第 25 行.
SQL: SELECT COUNT(note_id) AS tp_Count FROM `en_note` WHERE ( admin_id=1 and note_group="myLove" ) LIMIT 1   [ RunTime:0.0000s ]
SQL: SELECT * FROM `en_note` WHERE `admin_id` = 1 AND `note_group` = 'myLove' LIMIT 1   [ RunTime:0.0010s ]
NOTIC: [8] Undefined index: note_modifytime D:\PHP\wamp\www\easyNote\Application\Common\Model\NoteModel.class.php 第 25 行.
SQL: SELECT COUNT(note_id) AS tp_Count FROM `en_note` WHERE ( admin_id=1 and note_group="MYLL" ) LIMIT 1   [ RunTime:0.0000s ]
SQL: SELECT * FROM `en_note` WHERE `admin_id` = 1 AND `note_group` = 'MYLL' LIMIT 1   [ RunTime:0.0000s ]
NOTIC: [8] Undefined index: note_modifytime D:\PHP\wamp\www\easyNote\Application\Common\Model\NoteModel.class.php 第 25 行.

[ 2016-09-09T22:36:33+08:00 ] ::1 /easyNote/index.php/getGroupsCount?admin_id=1
INFO: [ app_init ] --START--
INFO: Run Behavior\BuildLiteBehavior [ RunTime:0.000000s ]
INFO: [ app_init ] --END-- [ RunTime:0.001000s ]
INFO: [ app_begin ] --START--
INFO: Run Behavior\ReadHtmlCacheBehavior [ RunTime:0.001001s ]
INFO: [ app_begin ] --END-- [ RunTime:0.001001s ]
SQL: SHOW COLUMNS FROM `en_admin` [ RunTime:0.0040s ]
SQL: SELECT * FROM `en_admin` WHERE ( admin_id=1 ) LIMIT 1   [ RunTime:0.0010s ]
SQL: SHOW COLUMNS FROM `en_group` [ RunTime:0.0040s ]
SQL: SELECT `group_name` FROM `en_group` WHERE ( admin_id=1 )  [ RunTime:0.0000s ]
SQL: SHOW COLUMNS FROM `en_note` [ RunTime:0.0020s ]
SQL: SELECT COUNT(note_id) AS tp_Count FROM `en_note` WHERE ( admin_id=1 and note_group="生活杂记" ) LIMIT 1   [ RunTime:0.0010s ]
SQL: SELECT * FROM `en_note` WHERE `admin_id` = 1 AND `note_group` = '生活杂记' LIMIT 1   [ RunTime:0.0010s ]
SQL: SELECT COUNT(note_id) AS tp_Count FROM `en_note` WHERE ( admin_id=1 and note_group="心情随笔" ) LIMIT 1   [ RunTime:0.0010s ]
SQL: SELECT * FROM `en_note` WHERE `admin_id` = 1 AND `note_group` = '心情随笔' LIMIT 1   [ RunTime:0.0010s ]
SQL: SELECT COUNT(note_id) AS tp_Count FROM `en_note` WHERE ( admin_id=1 and note_group="工作笔记" ) LIMIT 1   [ RunTime:0.0000s ]
SQL: SELECT * FROM `en_note` WHERE `admin_id` = 1 AND `note_group` = '工作笔记' LIMIT 1   [ RunTime:0.0000s ]
SQL: SELECT COUNT(note_id) AS tp_Count FROM `en_note` WHERE ( admin_id=1 and note_group="myLove" ) LIMIT 1   [ RunTime:0.0000s ]
SQL: SELECT * FROM `en_note` WHERE `admin_id` = 1 AND `note_group` = 'myLove' LIMIT 1   [ RunTime:0.0000s ]
SQL: SELECT COUNT(note_id) AS tp_Count FROM `en_note` WHERE ( admin_id=1 and note_group="MYLL" ) LIMIT 1   [ RunTime:0.0010s ]
SQL: SELECT * FROM `en_note` WHERE `admin_id` = 1 AND `note_group` = 'MYLL' LIMIT 1   [ RunTime:0.0010s ]

[ 2016-09-09T22:38:45+08:00 ] ::1 /easyNote/index.php/getGroupsCount?admin_id=1
INFO: [ app_init ] --START--
INFO: Run Behavior\BuildLiteBehavior [ RunTime:0.000000s ]
INFO: [ app_init ] --END-- [ RunTime:0.000000s ]
INFO: [ app_begin ] --START--
INFO: Run Behavior\ReadHtmlCacheBehavior [ RunTime:0.000000s ]
INFO: [ app_begin ] --END-- [ RunTime:0.001000s ]
SQL: SHOW COLUMNS FROM `en_admin` [ RunTime:0.0030s ]
SQL: SELECT * FROM `en_admin` WHERE ( admin_id=1 ) LIMIT 1   [ RunTime:0.0000s ]
SQL: SHOW COLUMNS FROM `en_group` [ RunTime:0.0030s ]
SQL: SELECT `group_name` FROM `en_group` WHERE ( admin_id=1 )  [ RunTime:0.0010s ]
SQL: SHOW COLUMNS FROM `en_note` [ RunTime:0.0030s ]
SQL: SELECT COUNT(note_id) AS tp_Count FROM `en_note` WHERE ( admin_id=1 and note_group="生活杂记" ) LIMIT 1   [ RunTime:0.0000s ]
SQL: SELECT * FROM `en_note` WHERE `admin_id` = 1 AND `note_group` = '生活杂记' LIMIT 1   [ RunTime:0.0000s ]
NOTIC: [8] Undefined offset: 0 D:\PHP\wamp\www\easyNote\Application\Note\Controller\NoteController.class.php 第 33 行.
NOTIC: [8] Undefined offset: 1 D:\PHP\wamp\www\easyNote\Application\Note\Controller\NoteController.class.php 第 30 行.
SQL: SELECT COUNT(note_id) AS tp_Count FROM `en_note` WHERE ( admin_id=1 and note_group="" ) LIMIT 1   [ RunTime:0.0000s ]
SQL: SELECT * FROM `en_note` WHERE `admin_id` = 1 AND `note_group` = '心情随笔' LIMIT 1   [ RunTime:0.0000s ]
SQL: SELECT COUNT(note_id) AS tp_Count FROM `en_note` WHERE ( admin_id=1 and note_group="" ) LIMIT 1   [ RunTime:0.0000s ]
SQL: SELECT * FROM `en_note` WHERE `admin_id` = 1 AND `note_group` = '工作笔记' LIMIT 1   [ RunTime:0.0000s ]
SQL: SELECT COUNT(note_id) AS tp_Count FROM `en_note` WHERE ( admin_id=1 and note_group="" ) LIMIT 1   [ RunTime:0.0010s ]
SQL: SELECT * FROM `en_note` WHERE `admin_id` = 1 AND `note_group` = 'myLove' LIMIT 1   [ RunTime:0.0010s ]
SQL: SELECT COUNT(note_id) AS tp_Count FROM `en_note` WHERE ( admin_id=1 and note_group="" ) LIMIT 1   [ RunTime:0.0010s ]
SQL: SELECT * FROM `en_note` WHERE `admin_id` = 1 AND `note_group` = 'MYLL' LIMIT 1   [ RunTime:0.0000s ]

[ 2016-09-09T22:39:11+08:00 ] ::1 /easyNote/index.php/getGroupsCount?admin_id=1
INFO: [ app_init ] --START--
INFO: Run Behavior\BuildLiteBehavior [ RunTime:0.000000s ]
INFO: [ app_init ] --END-- [ RunTime:0.001000s ]
INFO: [ app_begin ] --START--
INFO: Run Behavior\ReadHtmlCacheBehavior [ RunTime:0.000000s ]
INFO: [ app_begin ] --END-- [ RunTime:0.001000s ]
SQL: SHOW COLUMNS FROM `en_admin` [ RunTime:0.0040s ]
SQL: SELECT * FROM `en_admin` WHERE ( admin_id=1 ) LIMIT 1   [ RunTime:0.0000s ]
SQL: SHOW COLUMNS FROM `en_group` [ RunTime:0.0030s ]
SQL: SELECT `group_name` FROM `en_group` WHERE ( admin_id=1 )  [ RunTime:0.0000s ]
SQL: SHOW COLUMNS FROM `en_note` [ RunTime:0.0030s ]
SQL: SELECT COUNT(note_id) AS tp_Count FROM `en_note` WHERE ( admin_id=1 and note_group="生活杂记" ) LIMIT 1   [ RunTime:0.0010s ]
SQL: SELECT * FROM `en_note` WHERE `admin_id` = 1 AND `note_group` = '生活杂记' LIMIT 1   [ RunTime:0.0000s ]
SQL: SELECT COUNT(note_id) AS tp_Count FROM `en_note` WHERE ( admin_id=1 and note_group="心情随笔" ) LIMIT 1   [ RunTime:0.0000s ]
SQL: SELECT * FROM `en_note` WHERE `admin_id` = 1 AND `note_group` = '心情随笔' LIMIT 1   [ RunTime:0.0000s ]
SQL: SELECT COUNT(note_id) AS tp_Count FROM `en_note` WHERE ( admin_id=1 and note_group="工作笔记" ) LIMIT 1   [ RunTime:0.0010s ]
SQL: SELECT * FROM `en_note` WHERE `admin_id` = 1 AND `note_group` = '工作笔记' LIMIT 1   [ RunTime:0.0010s ]
SQL: SELECT COUNT(note_id) AS tp_Count FROM `en_note` WHERE ( admin_id=1 and note_group="myLove" ) LIMIT 1   [ RunTime:0.0000s ]
SQL: SELECT * FROM `en_note` WHERE `admin_id` = 1 AND `note_group` = 'myLove' LIMIT 1   [ RunTime:0.0000s ]
SQL: SELECT COUNT(note_id) AS tp_Count FROM `en_note` WHERE ( admin_id=1 and note_group="MYLL" ) LIMIT 1   [ RunTime:0.0000s ]
SQL: SELECT * FROM `en_note` WHERE `admin_id` = 1 AND `note_group` = 'MYLL' LIMIT 1   [ RunTime:0.0000s ]

