[ 2016-09-05T17:07:42+08:00 ] ::1 /easyNote/index.php/home/test/test?testname=1111111
INFO: [ app_init ] --START--
INFO: Run Behavior\BuildLiteBehavior [ RunTime:0.000000s ]
INFO: [ app_init ] --END-- [ RunTime:0.001000s ]
INFO: [ app_begin ] --START--
INFO: Run Behavior\ReadHtmlCacheBehavior [ RunTime:0.001000s ]
INFO: [ app_begin ] --END-- [ RunTime:0.001000s ]

[ 2016-09-05T17:07:59+08:00 ] ::1 /easyNote/index.php/home/test/test?testname=1111111
INFO: [ app_init ] --START--
INFO: Run Behavior\BuildLiteBehavior [ RunTime:0.000000s ]
INFO: [ app_init ] --END-- [ RunTime:0.001000s ]
INFO: [ app_begin ] --START--
INFO: Run Behavior\ReadHtmlCacheBehavior [ RunTime:0.001000s ]
INFO: [ app_begin ] --END-- [ RunTime:0.001000s ]

[ 2016-09-05T17:08:08+08:00 ] ::1 /easyNote/index.php/home/test/test?testname=1111111
INFO: [ app_init ] --START--
INFO: Run Behavior\BuildLiteBehavior [ RunTime:0.000000s ]
INFO: [ app_init ] --END-- [ RunTime:0.001000s ]
INFO: [ app_begin ] --START--
INFO: Run Behavior\ReadHtmlCacheBehavior [ RunTime:0.001000s ]
INFO: [ app_begin ] --END-- [ RunTime:0.001000s ]
SQL: SHOW COLUMNS FROM `en_test` [ RunTime:0.0040s ]
NOTIC: [8] Undefined index: validate D:\PHP\wamp\www\easyNote\ThinkPHP\Library\Think\Model.class.php 第 1192 行.
NOTIC: [2] in_array() expects parameter 2 to be array, boolean given D:\PHP\wamp\www\easyNote\ThinkPHP\Library\Think\Model.class.php 第 1060 行.
NOTIC: [8] Undefined index: auto D:\PHP\wamp\www\easyNote\ThinkPHP\Library\Think\Model.class.php 第 1134 行.
INFO: [ app_end ] --START--
INFO: Run Behavior\ShowPageTraceBehavior [ RunTime:0.025002s ]
INFO: [ app_end ] --END-- [ RunTime:0.025002s ]

[ 2016-09-05T17:09:45+08:00 ] ::1 /easyNote/index.php/home/test/test?testname=1111111
INFO: [ app_init ] --START--
INFO: Run Behavior\BuildLiteBehavior [ RunTime:0.000000s ]
INFO: [ app_init ] --END-- [ RunTime:0.001000s ]
INFO: [ app_begin ] --START--
INFO: Run Behavior\ReadHtmlCacheBehavior [ RunTime:0.001001s ]
INFO: [ app_begin ] --END-- [ RunTime:0.001001s ]

[ 2016-09-05T17:10:04+08:00 ] ::1 /easyNote/index.php/home/test/test?testname=1111111
INFO: [ app_init ] --START--
INFO: Run Behavior\BuildLiteBehavior [ RunTime:0.000000s ]
INFO: [ app_init ] --END-- [ RunTime:0.001000s ]
INFO: [ app_begin ] --START--
INFO: Run Behavior\ReadHtmlCacheBehavior [ RunTime:0.001000s ]
INFO: [ app_begin ] --END-- [ RunTime:0.001000s ]

[ 2016-09-05T17:10:25+08:00 ] ::1 /easyNote/index.php/home/test/test?testname=1111111
INFO: [ app_init ] --START--
INFO: Run Behavior\BuildLiteBehavior [ RunTime:0.000000s ]
INFO: [ app_init ] --END-- [ RunTime:0.001001s ]
INFO: [ app_begin ] --START--
INFO: Run Behavior\ReadHtmlCacheBehavior [ RunTime:0.001000s ]
INFO: [ app_begin ] --END-- [ RunTime:0.002000s ]
SQL: SHOW COLUMNS FROM `en_test` [ RunTime:0.0030s ]
NOTIC: [8] Undefined index: validate D:\PHP\wamp\www\easyNote\ThinkPHP\Library\Think\Model.class.php 第 1192 行.
NOTIC: [2] in_array() expects parameter 2 to be array, boolean given D:\PHP\wamp\www\easyNote\ThinkPHP\Library\Think\Model.class.php 第 1060 行.
NOTIC: [8] Undefined index: auto D:\PHP\wamp\www\easyNote\ThinkPHP\Library\Think\Model.class.php 第 1134 行.
INFO: [ app_end ] --START--
INFO: Run Behavior\ShowPageTraceBehavior [ RunTime:0.001000s ]
INFO: [ app_end ] --END-- [ RunTime:0.001000s ]

[ 2016-09-05T17:11:31+08:00 ] ::1 /easyNote/index.php/home/test/test?testname=1111111
INFO: [ app_init ] --START--
INFO: Run Behavior\BuildLiteBehavior [ RunTime:0.000000s ]
INFO: [ app_init ] --END-- [ RunTime:0.001000s ]
INFO: [ app_begin ] --START--
INFO: Run Behavior\ReadHtmlCacheBehavior [ RunTime:0.001000s ]
INFO: [ app_begin ] --END-- [ RunTime:0.001000s ]
SQL: SHOW COLUMNS FROM `en_test` [ RunTime:0.0030s ]
NOTIC: [8] Undefined index: validate D:\PHP\wamp\www\easyNote\ThinkPHP\Library\Think\Model.class.php 第 1192 行.
NOTIC: [2] in_array() expects parameter 2 to be array, boolean given D:\PHP\wamp\www\easyNote\ThinkPHP\Library\Think\Model.class.php 第 1060 行.
NOTIC: [8] Undefined index: auto D:\PHP\wamp\www\easyNote\ThinkPHP\Library\Think\Model.class.php 第 1134 行.
INFO: [ app_end ] --START--
INFO: Run Behavior\ShowPageTraceBehavior [ RunTime:0.001000s ]
INFO: [ app_end ] --END-- [ RunTime:0.001000s ]

[ 2016-09-05T17:11:59+08:00 ] ::1 /easyNote/index.php/home/test/test?testname=1111111
INFO: [ app_init ] --START--
INFO: Run Behavior\BuildLiteBehavior [ RunTime:0.000000s ]
INFO: [ app_init ] --END-- [ RunTime:0.000000s ]
INFO: [ app_begin ] --START--
INFO: Run Behavior\ReadHtmlCacheBehavior [ RunTime:0.001000s ]
INFO: [ app_begin ] --END-- [ RunTime:0.002001s ]
SQL: SHOW COLUMNS FROM `en_test` [ RunTime:0.0040s ]
NOTIC: [8] Undefined index: validate D:\PHP\wamp\www\easyNote\ThinkPHP\Library\Think\Model.class.php 第 1192 行.
NOTIC: [2] in_array() expects parameter 2 to be array, boolean given D:\PHP\wamp\www\easyNote\ThinkPHP\Library\Think\Model.class.php 第 1060 行.
NOTIC: [8] Undefined index: auto D:\PHP\wamp\www\easyNote\ThinkPHP\Library\Think\Model.class.php 第 1134 行.
INFO: [ app_end ] --START--
INFO: Run Behavior\ShowPageTraceBehavior [ RunTime:0.001000s ]
INFO: [ app_end ] --END-- [ RunTime:0.001000s ]

[ 2016-09-05T17:12:11+08:00 ] ::1 /easyNote/index.php/home/test/test?testname=1111111
INFO: [ app_init ] --START--
INFO: Run Behavior\BuildLiteBehavior [ RunTime:0.001000s ]
INFO: [ app_init ] --END-- [ RunTime:0.001000s ]
INFO: [ app_begin ] --START--
INFO: Run Behavior\ReadHtmlCacheBehavior [ RunTime:0.000000s ]
INFO: [ app_begin ] --END-- [ RunTime:0.001000s ]
SQL: SHOW COLUMNS FROM `en_test` [ RunTime:0.0030s ]
NOTIC: [8] Undefined index: validate D:\PHP\wamp\www\easyNote\ThinkPHP\Library\Think\Model.class.php 第 1192 行.
NOTIC: [2] in_array() expects parameter 2 to be array, boolean given D:\PHP\wamp\www\easyNote\ThinkPHP\Library\Think\Model.class.php 第 1060 行.
NOTIC: [8] Undefined index: auto D:\PHP\wamp\www\easyNote\ThinkPHP\Library\Think\Model.class.php 第 1134 行.
INFO: [ app_end ] --START--
INFO: Run Behavior\ShowPageTraceBehavior [ RunTime:0.001000s ]
INFO: [ app_end ] --END-- [ RunTime:0.001000s ]

[ 2016-09-05T17:12:13+08:00 ] ::1 /easyNote/index.php/home/test/test?testname=1
INFO: [ app_init ] --START--
INFO: Run Behavior\BuildLiteBehavior [ RunTime:0.000000s ]
INFO: [ app_init ] --END-- [ RunTime:0.001000s ]
INFO: [ app_begin ] --START--
INFO: Run Behavior\ReadHtmlCacheBehavior [ RunTime:0.001000s ]
INFO: [ app_begin ] --END-- [ RunTime:0.001000s ]
SQL: SHOW COLUMNS FROM `en_test` [ RunTime:0.0030s ]
NOTIC: [8] Undefined index: validate D:\PHP\wamp\www\easyNote\ThinkPHP\Library\Think\Model.class.php 第 1192 行.
NOTIC: [2] in_array() expects parameter 2 to be array, boolean given D:\PHP\wamp\www\easyNote\ThinkPHP\Library\Think\Model.class.php 第 1060 行.
NOTIC: [8] Undefined index: auto D:\PHP\wamp\www\easyNote\ThinkPHP\Library\Think\Model.class.php 第 1134 行.
INFO: [ app_end ] --START--
INFO: Run Behavior\ShowPageTraceBehavior [ RunTime:0.001000s ]
INFO: [ app_end ] --END-- [ RunTime:0.001000s ]

[ 2016-09-05T17:12:50+08:00 ] ::1 /easyNote/index.php/home/test/test?testname=1111111111111111
INFO: [ app_init ] --START--
INFO: Run Behavior\BuildLiteBehavior [ RunTime:0.000000s ]
INFO: [ app_init ] --END-- [ RunTime:0.002000s ]
INFO: [ app_begin ] --START--
INFO: Run Behavior\ReadHtmlCacheBehavior [ RunTime:0.001000s ]
INFO: [ app_begin ] --END-- [ RunTime:0.001000s ]
SQL: SHOW COLUMNS FROM `en_test` [ RunTime:0.0040s ]
NOTIC: [8] Undefined index: validate D:\PHP\wamp\www\easyNote\ThinkPHP\Library\Think\Model.class.php 第 1192 行.
NOTIC: [2] in_array() expects parameter 2 to be array, boolean given D:\PHP\wamp\www\easyNote\ThinkPHP\Library\Think\Model.class.php 第 1060 行.
NOTIC: [8] Undefined index: auto D:\PHP\wamp\www\easyNote\ThinkPHP\Library\Think\Model.class.php 第 1134 行.
INFO: [ app_end ] --START--
INFO: Run Behavior\ShowPageTraceBehavior [ RunTime:0.001000s ]
INFO: [ app_end ] --END-- [ RunTime:0.001000s ]

[ 2016-09-05T17:12:51+08:00 ] ::1 /easyNote/index.php/home/test/test?testname=1111111111111111
INFO: [ app_init ] --START--
INFO: Run Behavior\BuildLiteBehavior [ RunTime:0.000000s ]
INFO: [ app_init ] --END-- [ RunTime:0.000000s ]
INFO: [ app_begin ] --START--
INFO: Run Behavior\ReadHtmlCacheBehavior [ RunTime:0.001000s ]
INFO: [ app_begin ] --END-- [ RunTime:0.001000s ]
SQL: SHOW COLUMNS FROM `en_test` [ RunTime:0.0030s ]
NOTIC: [8] Undefined index: validate D:\PHP\wamp\www\easyNote\ThinkPHP\Library\Think\Model.class.php 第 1192 行.
NOTIC: [2] in_array() expects parameter 2 to be array, boolean given D:\PHP\wamp\www\easyNote\ThinkPHP\Library\Think\Model.class.php 第 1060 行.
NOTIC: [8] Undefined index: auto D:\PHP\wamp\www\easyNote\ThinkPHP\Library\Think\Model.class.php 第 1134 行.
INFO: [ app_end ] --START--
INFO: Run Behavior\ShowPageTraceBehavior [ RunTime:0.000000s ]
INFO: [ app_end ] --END-- [ RunTime:0.001001s ]

[ 2016-09-05T17:13:06+08:00 ] ::1 /easyNote/index.php/home/test/test?testname=111111111111
INFO: [ app_init ] --START--
INFO: Run Behavior\BuildLiteBehavior [ RunTime:0.000000s ]
INFO: [ app_init ] --END-- [ RunTime:0.001000s ]
INFO: [ app_begin ] --START--
INFO: Run Behavior\ReadHtmlCacheBehavior [ RunTime:0.001000s ]
INFO: [ app_begin ] --END-- [ RunTime:0.001000s ]
SQL: SHOW COLUMNS FROM `en_test` [ RunTime:0.0030s ]
NOTIC: [8] Undefined index: validate D:\PHP\wamp\www\easyNote\ThinkPHP\Library\Think\Model.class.php 第 1192 行.
NOTIC: [2] in_array() expects parameter 2 to be array, boolean given D:\PHP\wamp\www\easyNote\ThinkPHP\Library\Think\Model.class.php 第 1060 行.
NOTIC: [8] Undefined index: auto D:\PHP\wamp\www\easyNote\ThinkPHP\Library\Think\Model.class.php 第 1134 行.
INFO: [ app_end ] --START--
INFO: Run Behavior\ShowPageTraceBehavior [ RunTime:0.001000s ]
INFO: [ app_end ] --END-- [ RunTime:0.001000s ]

[ 2016-09-05T17:13:51+08:00 ] ::1 /easyNote/index.php/home/test/test?testname=111111111111
INFO: [ app_init ] --START--
INFO: Run Behavior\BuildLiteBehavior [ RunTime:0.000000s ]
INFO: [ app_init ] --END-- [ RunTime:0.001000s ]
INFO: [ app_begin ] --START--
INFO: Run Behavior\ReadHtmlCacheBehavior [ RunTime:0.001000s ]
INFO: [ app_begin ] --END-- [ RunTime:0.001000s ]
SQL: SHOW COLUMNS FROM `en_test` [ RunTime:0.0030s ]
NOTIC: [8] Undefined index: validate D:\PHP\wamp\www\easyNote\ThinkPHP\Library\Think\Model.class.php 第 1192 行.
NOTIC: [2] in_array() expects parameter 2 to be array, boolean given D:\PHP\wamp\www\easyNote\ThinkPHP\Library\Think\Model.class.php 第 1060 行.
NOTIC: [8] Undefined index: auto D:\PHP\wamp\www\easyNote\ThinkPHP\Library\Think\Model.class.php 第 1134 行.
INFO: [ app_end ] --START--
INFO: Run Behavior\ShowPageTraceBehavior [ RunTime:0.001000s ]
INFO: [ app_end ] --END-- [ RunTime:0.001000s ]

[ 2016-09-05T17:14:37+08:00 ] ::1 /easyNote/index.php/home/test/test?testname=111
INFO: [ app_init ] --START--
INFO: Run Behavior\BuildLiteBehavior [ RunTime:0.000000s ]
INFO: [ app_init ] --END-- [ RunTime:0.001000s ]
INFO: [ app_begin ] --START--
INFO: Run Behavior\ReadHtmlCacheBehavior [ RunTime:0.000000s ]
INFO: [ app_begin ] --END-- [ RunTime:0.001000s ]
SQL: SHOW COLUMNS FROM `en_test` [ RunTime:0.0040s ]
NOTIC: [8] Undefined index: validate D:\PHP\wamp\www\easyNote\ThinkPHP\Library\Think\Model.class.php 第 1192 行.
NOTIC: [2] in_array() expects parameter 2 to be array, boolean given D:\PHP\wamp\www\easyNote\ThinkPHP\Library\Think\Model.class.php 第 1060 行.
NOTIC: [8] Undefined index: auto D:\PHP\wamp\www\easyNote\ThinkPHP\Library\Think\Model.class.php 第 1134 行.
INFO: [ app_end ] --START--
INFO: Run Behavior\ShowPageTraceBehavior [ RunTime:0.001000s ]
INFO: [ app_end ] --END-- [ RunTime:0.001000s ]

[ 2016-09-05T17:14:40+08:00 ] ::1 /easyNote/index.php/home/test/test?testname=111
INFO: [ app_init ] --START--
INFO: Run Behavior\BuildLiteBehavior [ RunTime:0.000000s ]
INFO: [ app_init ] --END-- [ RunTime:0.000000s ]
INFO: [ app_begin ] --START--
INFO: Run Behavior\ReadHtmlCacheBehavior [ RunTime:0.001000s ]
INFO: [ app_begin ] --END-- [ RunTime:0.001000s ]
SQL: SHOW COLUMNS FROM `en_test` [ RunTime:0.0040s ]
NOTIC: [8] Undefined index: validate D:\PHP\wamp\www\easyNote\ThinkPHP\Library\Think\Model.class.php 第 1192 行.
NOTIC: [2] in_array() expects parameter 2 to be array, boolean given D:\PHP\wamp\www\easyNote\ThinkPHP\Library\Think\Model.class.php 第 1060 行.
NOTIC: [8] Undefined index: auto D:\PHP\wamp\www\easyNote\ThinkPHP\Library\Think\Model.class.php 第 1134 行.
INFO: [ app_end ] --START--
INFO: Run Behavior\ShowPageTraceBehavior [ RunTime:0.001000s ]
INFO: [ app_end ] --END-- [ RunTime:0.001000s ]

[ 2016-09-05T17:14:47+08:00 ] ::1 /easyNote/index.php/home/test/test?testname=111
INFO: [ app_init ] --START--
INFO: Run Behavior\BuildLiteBehavior [ RunTime:0.000000s ]
INFO: [ app_init ] --END-- [ RunTime:0.001000s ]
INFO: [ app_begin ] --START--
INFO: Run Behavior\ReadHtmlCacheBehavior [ RunTime:0.000000s ]
INFO: [ app_begin ] --END-- [ RunTime:0.000000s ]
SQL: SHOW COLUMNS FROM `en_test` [ RunTime:0.0030s ]
NOTIC: [8] Undefined index: validate D:\PHP\wamp\www\easyNote\ThinkPHP\Library\Think\Model.class.php 第 1192 行.
INFO: [ app_end ] --START--
INFO: Run Behavior\ShowPageTraceBehavior [ RunTime:0.001000s ]
INFO: [ app_end ] --END-- [ RunTime:0.001000s ]

[ 2016-09-05T17:15:26+08:00 ] ::1 /easyNote/index.php/home/test/test?testname=111
INFO: [ app_init ] --START--
INFO: Run Behavior\BuildLiteBehavior [ RunTime:0.000000s ]
INFO: [ app_init ] --END-- [ RunTime:0.001000s ]
INFO: [ app_begin ] --START--
INFO: Run Behavior\ReadHtmlCacheBehavior [ RunTime:0.001000s ]
INFO: [ app_begin ] --END-- [ RunTime:0.001000s ]
SQL: SHOW COLUMNS FROM `en_test` [ RunTime:0.0030s ]
NOTIC: [8] Undefined index: validate D:\PHP\wamp\www\easyNote\ThinkPHP\Library\Think\Model.class.php 第 1192 行.
INFO: [ app_end ] --START--
INFO: Run Behavior\ShowPageTraceBehavior [ RunTime:0.001000s ]
INFO: [ app_end ] --END-- [ RunTime:0.001000s ]

[ 2016-09-05T17:15:46+08:00 ] ::1 /easyNote/index.php/home/test/test?testname=aaaaaa
INFO: [ app_init ] --START--
INFO: Run Behavior\BuildLiteBehavior [ RunTime:0.000000s ]
INFO: [ app_init ] --END-- [ RunTime:0.001000s ]
INFO: [ app_begin ] --START--
INFO: Run Behavior\ReadHtmlCacheBehavior [ RunTime:0.001000s ]
INFO: [ app_begin ] --END-- [ RunTime:0.001000s ]
SQL: SHOW COLUMNS FROM `en_test` [ RunTime:0.0030s ]
NOTIC: [8] Undefined index: validate D:\PHP\wamp\www\easyNote\ThinkPHP\Library\Think\Model.class.php 第 1192 行.

[ 2016-09-05T17:29:39+08:00 ] ::1 /easyNote/index.php/home/test/test?testname=aaaaaa
INFO: [ app_init ] --START--
INFO: Run Behavior\BuildLiteBehavior [ RunTime:0.000000s ]
INFO: [ app_init ] --END-- [ RunTime:0.001000s ]
INFO: [ app_begin ] --START--
INFO: Run Behavior\ReadHtmlCacheBehavior [ RunTime:0.001000s ]
INFO: [ app_begin ] --END-- [ RunTime:0.001000s ]
SQL: SHOW COLUMNS FROM `en_test` [ RunTime:0.0030s ]
SQL: SHOW COLUMNS FROM `en_test` [ RunTime:0.0030s ]
NOTIC: [8] Undefined index: validate D:\PHP\wamp\www\easyNote\ThinkPHP\Library\Think\Model.class.php 第 1192 行.
SQL: SELECT * FROM `en_test` WHERE `testname` = 'aaaaaa' LIMIT 1   [ RunTime:0.2620s ]

[ 2016-09-05T17:29:59+08:00 ] ::1 /easyNote/index.php/home/test/test?testname=aaaaaa
INFO: [ app_init ] --START--
INFO: Run Behavior\BuildLiteBehavior [ RunTime:0.000000s ]
INFO: [ app_init ] --END-- [ RunTime:0.002000s ]
INFO: [ app_begin ] --START--
INFO: Run Behavior\ReadHtmlCacheBehavior [ RunTime:0.000000s ]
INFO: [ app_begin ] --END-- [ RunTime:0.001000s ]
SQL: SHOW COLUMNS FROM `en_test` [ RunTime:0.0030s ]
SQL: SHOW COLUMNS FROM `en_test` [ RunTime:0.0030s ]
NOTIC: [8] Undefined index: validate D:\PHP\wamp\www\easyNote\ThinkPHP\Library\Think\Model.class.php 第 1192 行.
SQL: SELECT * FROM `en_test` WHERE `testname` = 'aaaaaa' LIMIT 1   [ RunTime:0.0000s ]
INFO: [ app_end ] --START--
INFO: Run Behavior\ShowPageTraceBehavior [ RunTime:0.001000s ]
INFO: [ app_end ] --END-- [ RunTime:0.001000s ]

[ 2016-09-05T17:30:07+08:00 ] ::1 /easyNote/index.php/home/test/test?testname=aaa
INFO: [ app_init ] --START--
INFO: Run Behavior\BuildLiteBehavior [ RunTime:0.000000s ]
INFO: [ app_init ] --END-- [ RunTime:0.001000s ]
INFO: [ app_begin ] --START--
INFO: Run Behavior\ReadHtmlCacheBehavior [ RunTime:0.001000s ]
INFO: [ app_begin ] --END-- [ RunTime:0.001000s ]
SQL: SHOW COLUMNS FROM `en_test` [ RunTime:0.0030s ]
SQL: SHOW COLUMNS FROM `en_test` [ RunTime:0.0030s ]
NOTIC: [8] Undefined index: validate D:\PHP\wamp\www\easyNote\ThinkPHP\Library\Think\Model.class.php 第 1192 行.
INFO: [ app_end ] --START--
INFO: Run Behavior\ShowPageTraceBehavior [ RunTime:0.001000s ]
INFO: [ app_end ] --END-- [ RunTime:0.001000s ]

[ 2016-09-05T17:30:12+08:00 ] ::1 /easyNote/index.php/home/test/test?testname=a
INFO: [ app_init ] --START--
INFO: Run Behavior\BuildLiteBehavior [ RunTime:0.000000s ]
INFO: [ app_init ] --END-- [ RunTime:0.000000s ]
INFO: [ app_begin ] --START--
INFO: Run Behavior\ReadHtmlCacheBehavior [ RunTime:0.001001s ]
INFO: [ app_begin ] --END-- [ RunTime:0.001001s ]
SQL: SHOW COLUMNS FROM `en_test` [ RunTime:0.0040s ]
SQL: SHOW COLUMNS FROM `en_test` [ RunTime:0.0040s ]
NOTIC: [8] Undefined index: validate D:\PHP\wamp\www\easyNote\ThinkPHP\Library\Think\Model.class.php 第 1192 行.
INFO: [ app_end ] --START--
INFO: Run Behavior\ShowPageTraceBehavior [ RunTime:0.001000s ]
INFO: [ app_end ] --END-- [ RunTime:0.001000s ]

[ 2016-09-05T17:30:31+08:00 ] ::1 /easyNote/index.php/home/test/test?testname=a
INFO: [ app_init ] --START--
INFO: Run Behavior\BuildLiteBehavior [ RunTime:0.000000s ]
INFO: [ app_init ] --END-- [ RunTime:0.001000s ]
INFO: [ app_begin ] --START--
INFO: Run Behavior\ReadHtmlCacheBehavior [ RunTime:0.000000s ]
INFO: [ app_begin ] --END-- [ RunTime:0.001000s ]
SQL: SHOW COLUMNS FROM `en_test` [ RunTime:0.0030s ]
SQL: SHOW COLUMNS FROM `en_test` [ RunTime:0.0040s ]
NOTIC: [8] Undefined index: validate D:\PHP\wamp\www\easyNote\ThinkPHP\Library\Think\Model.class.php 第 1192 行.
INFO: [ app_end ] --START--
INFO: Run Behavior\ShowPageTraceBehavior [ RunTime:0.000000s ]
INFO: [ app_end ] --END-- [ RunTime:0.002000s ]

[ 2016-09-05T17:30:32+08:00 ] ::1 /easyNote/index.php/home/test/test?testname=a
INFO: [ app_init ] --START--
INFO: Run Behavior\BuildLiteBehavior [ RunTime:0.000000s ]
INFO: [ app_init ] --END-- [ RunTime:0.000000s ]
INFO: [ app_begin ] --START--
INFO: Run Behavior\ReadHtmlCacheBehavior [ RunTime:0.001000s ]
INFO: [ app_begin ] --END-- [ RunTime:0.001000s ]
SQL: SHOW COLUMNS FROM `en_test` [ RunTime:0.0040s ]
SQL: SHOW COLUMNS FROM `en_test` [ RunTime:0.0050s ]
NOTIC: [8] Undefined index: validate D:\PHP\wamp\www\easyNote\ThinkPHP\Library\Think\Model.class.php 第 1192 行.
INFO: [ app_end ] --START--
INFO: Run Behavior\ShowPageTraceBehavior [ RunTime:0.001000s ]
INFO: [ app_end ] --END-- [ RunTime:0.001000s ]

[ 2016-09-05T17:31:48+08:00 ] ::1 /easyNote/index.php/home/test/test?testname=a
INFO: [ app_init ] --START--
INFO: Run Behavior\BuildLiteBehavior [ RunTime:0.001000s ]
INFO: [ app_init ] --END-- [ RunTime:0.001000s ]
INFO: [ app_begin ] --START--
INFO: Run Behavior\ReadHtmlCacheBehavior [ RunTime:0.001000s ]
INFO: [ app_begin ] --END-- [ RunTime:0.001000s ]
SQL: SHOW COLUMNS FROM `en_test` [ RunTime:0.0030s ]
SQL: SHOW COLUMNS FROM `en_test` [ RunTime:0.0030s ]
NOTIC: [8] Undefined index: validate D:\PHP\wamp\www\easyNote\ThinkPHP\Library\Think\Model.class.php 第 1192 行.
INFO: [ app_end ] --START--
INFO: Run Behavior\ShowPageTraceBehavior [ RunTime:0.000000s ]
INFO: [ app_end ] --END-- [ RunTime:0.001000s ]

[ 2016-09-05T17:31:58+08:00 ] ::1 /easyNote/index.php/home/test/test?testname=a1215
INFO: [ app_init ] --START--
INFO: Run Behavior\BuildLiteBehavior [ RunTime:0.000000s ]
INFO: [ app_init ] --END-- [ RunTime:0.001000s ]
INFO: [ app_begin ] --START--
INFO: Run Behavior\ReadHtmlCacheBehavior [ RunTime:0.001000s ]
INFO: [ app_begin ] --END-- [ RunTime:0.001000s ]
SQL: SHOW COLUMNS FROM `en_test` [ RunTime:0.0030s ]
SQL: SHOW COLUMNS FROM `en_test` [ RunTime:0.0030s ]
NOTIC: [8] Undefined index: validate D:\PHP\wamp\www\easyNote\ThinkPHP\Library\Think\Model.class.php 第 1192 行.
NOTIC: [8] Undefined index: auto D:\PHP\wamp\www\easyNote\ThinkPHP\Library\Think\Model.class.php 第 1134 行.
INFO: [ app_end ] --START--
INFO: Run Behavior\ShowPageTraceBehavior [ RunTime:0.000000s ]
INFO: [ app_end ] --END-- [ RunTime:0.000000s ]

[ 2016-09-05T17:33:23+08:00 ] ::1 /easyNote/index.php/home/test/test?testname=a1215
INFO: [ app_init ] --START--
INFO: Run Behavior\BuildLiteBehavior [ RunTime:0.000000s ]
INFO: [ app_init ] --END-- [ RunTime:0.000000s ]
INFO: [ app_begin ] --START--
INFO: Run Behavior\ReadHtmlCacheBehavior [ RunTime:0.001000s ]
INFO: [ app_begin ] --END-- [ RunTime:0.001000s ]
SQL: SHOW COLUMNS FROM `en_test` [ RunTime:0.0040s ]
SQL: SHOW COLUMNS FROM `en_test` [ RunTime:0.0040s ]
NOTIC: [8] Undefined index: validate D:\PHP\wamp\www\easyNote\ThinkPHP\Library\Think\Model.class.php 第 1192 行.
NOTIC: [8] Undefined index: auto D:\PHP\wamp\www\easyNote\ThinkPHP\Library\Think\Model.class.php 第 1134 行.
INFO: [ app_end ] --START--
INFO: Run Behavior\ShowPageTraceBehavior [ RunTime:0.001000s ]
INFO: [ app_end ] --END-- [ RunTime:0.001000s ]

[ 2016-09-05T17:33:30+08:00 ] ::1 /easyNote/index.php/home/test/test?testname=a1215
INFO: [ app_init ] --START--
INFO: Run Behavior\BuildLiteBehavior [ RunTime:0.000000s ]
INFO: [ app_init ] --END-- [ RunTime:0.001000s ]
INFO: [ app_begin ] --START--
INFO: Run Behavior\ReadHtmlCacheBehavior [ RunTime:0.000000s ]
INFO: [ app_begin ] --END-- [ RunTime:0.000000s ]
SQL: SHOW COLUMNS FROM `en_test` [ RunTime:0.0030s ]
SQL: SHOW COLUMNS FROM `en_test` [ RunTime:0.0040s ]
NOTIC: [8] Undefined index: validate D:\PHP\wamp\www\easyNote\ThinkPHP\Library\Think\Model.class.php 第 1192 行.
NOTIC: [8] Undefined index: auto D:\PHP\wamp\www\easyNote\ThinkPHP\Library\Think\Model.class.php 第 1134 行.
INFO: [ app_end ] --START--
INFO: Run Behavior\ShowPageTraceBehavior [ RunTime:0.001000s ]
INFO: [ app_end ] --END-- [ RunTime:0.001000s ]

[ 2016-09-05T17:33:31+08:00 ] ::1 /easyNote/index.php/home/test/test?testname=a1215
INFO: [ app_init ] --START--
INFO: Run Behavior\BuildLiteBehavior [ RunTime:0.000000s ]
INFO: [ app_init ] --END-- [ RunTime:0.001000s ]
INFO: [ app_begin ] --START--
INFO: Run Behavior\ReadHtmlCacheBehavior [ RunTime:0.001000s ]
INFO: [ app_begin ] --END-- [ RunTime:0.001000s ]
SQL: SHOW COLUMNS FROM `en_test` [ RunTime:0.0040s ]
SQL: SHOW COLUMNS FROM `en_test` [ RunTime:0.0030s ]
NOTIC: [8] Undefined index: validate D:\PHP\wamp\www\easyNote\ThinkPHP\Library\Think\Model.class.php 第 1192 行.
NOTIC: [8] Undefined index: auto D:\PHP\wamp\www\easyNote\ThinkPHP\Library\Think\Model.class.php 第 1134 行.
INFO: [ app_end ] --START--
INFO: Run Behavior\ShowPageTraceBehavior [ RunTime:0.001000s ]
INFO: [ app_end ] --END-- [ RunTime:0.001000s ]

[ 2016-09-05T17:33:31+08:00 ] ::1 /easyNote/index.php/home/test/test?testname=a1215
INFO: [ app_init ] --START--
INFO: Run Behavior\BuildLiteBehavior [ RunTime:0.000000s ]
INFO: [ app_init ] --END-- [ RunTime:0.001000s ]
INFO: [ app_begin ] --START--
INFO: Run Behavior\ReadHtmlCacheBehavior [ RunTime:0.001000s ]
INFO: [ app_begin ] --END-- [ RunTime:0.001000s ]
SQL: SHOW COLUMNS FROM `en_test` [ RunTime:0.0030s ]
SQL: SHOW COLUMNS FROM `en_test` [ RunTime:0.0040s ]
NOTIC: [8] Undefined index: validate D:\PHP\wamp\www\easyNote\ThinkPHP\Library\Think\Model.class.php 第 1192 行.
NOTIC: [8] Undefined index: auto D:\PHP\wamp\www\easyNote\ThinkPHP\Library\Think\Model.class.php 第 1134 行.
INFO: [ app_end ] --START--
INFO: Run Behavior\ShowPageTraceBehavior [ RunTime:0.001001s ]
INFO: [ app_end ] --END-- [ RunTime:0.001001s ]

[ 2016-09-05T17:33:39+08:00 ] ::1 /easyNote/index.php/home/test/test?testname=a1215
INFO: [ app_init ] --START--
INFO: Run Behavior\BuildLiteBehavior [ RunTime:0.000000s ]
INFO: [ app_init ] --END-- [ RunTime:0.000000s ]
INFO: [ app_begin ] --START--
INFO: Run Behavior\ReadHtmlCacheBehavior [ RunTime:0.000000s ]
INFO: [ app_begin ] --END-- [ RunTime:0.002000s ]
SQL: SHOW COLUMNS FROM `en_test` [ RunTime:0.0040s ]
NOTIC: [8] Undefined index: validate D:\PHP\wamp\www\easyNote\ThinkPHP\Library\Think\Model.class.php 第 1192 行.
NOTIC: [2] in_array() expects parameter 2 to be array, boolean given D:\PHP\wamp\www\easyNote\ThinkPHP\Library\Think\Model.class.php 第 1060 行.
NOTIC: [8] Undefined index: auto D:\PHP\wamp\www\easyNote\ThinkPHP\Library\Think\Model.class.php 第 1134 行.
INFO: [ app_end ] --START--
INFO: Run Behavior\ShowPageTraceBehavior [ RunTime:0.001000s ]
INFO: [ app_end ] --END-- [ RunTime:0.001000s ]

[ 2016-09-05T17:33:40+08:00 ] ::1 /easyNote/index.php/home/test/test?testname=a1215
INFO: [ app_init ] --START--
INFO: Run Behavior\BuildLiteBehavior [ RunTime:0.001000s ]
INFO: [ app_init ] --END-- [ RunTime:0.001000s ]
INFO: [ app_begin ] --START--
INFO: Run Behavior\ReadHtmlCacheBehavior [ RunTime:0.001000s ]
INFO: [ app_begin ] --END-- [ RunTime:0.002000s ]
SQL: SHOW COLUMNS FROM `en_test` [ RunTime:0.0040s ]
NOTIC: [8] Undefined index: validate D:\PHP\wamp\www\easyNote\ThinkPHP\Library\Think\Model.class.php 第 1192 行.
NOTIC: [2] in_array() expects parameter 2 to be array, boolean given D:\PHP\wamp\www\easyNote\ThinkPHP\Library\Think\Model.class.php 第 1060 行.
NOTIC: [8] Undefined index: auto D:\PHP\wamp\www\easyNote\ThinkPHP\Library\Think\Model.class.php 第 1134 行.
INFO: [ app_end ] --START--
INFO: Run Behavior\ShowPageTraceBehavior [ RunTime:0.005001s ]
INFO: [ app_end ] --END-- [ RunTime:0.005001s ]

[ 2016-09-05T17:33:41+08:00 ] ::1 /easyNote/index.php/home/test/test?testname=a1215
INFO: [ app_init ] --START--
INFO: Run Behavior\BuildLiteBehavior [ RunTime:0.000000s ]
INFO: [ app_init ] --END-- [ RunTime:0.001000s ]
INFO: [ app_begin ] --START--
INFO: Run Behavior\ReadHtmlCacheBehavior [ RunTime:0.001000s ]
INFO: [ app_begin ] --END-- [ RunTime:0.001000s ]
SQL: SHOW COLUMNS FROM `en_test` [ RunTime:0.0040s ]
NOTIC: [8] Undefined index: validate D:\PHP\wamp\www\easyNote\ThinkPHP\Library\Think\Model.class.php 第 1192 行.
NOTIC: [2] in_array() expects parameter 2 to be array, boolean given D:\PHP\wamp\www\easyNote\ThinkPHP\Library\Think\Model.class.php 第 1060 行.
NOTIC: [8] Undefined index: auto D:\PHP\wamp\www\easyNote\ThinkPHP\Library\Think\Model.class.php 第 1134 行.
INFO: [ app_end ] --START--
INFO: Run Behavior\ShowPageTraceBehavior [ RunTime:0.000000s ]
INFO: [ app_end ] --END-- [ RunTime:0.001000s ]

[ 2016-09-05T17:33:43+08:00 ] ::1 /easyNote/index.php/home/test/test?testname=a1215
INFO: [ app_init ] --START--
INFO: Run Behavior\BuildLiteBehavior [ RunTime:0.000000s ]
INFO: [ app_init ] --END-- [ RunTime:0.001000s ]
INFO: [ app_begin ] --START--
INFO: Run Behavior\ReadHtmlCacheBehavior [ RunTime:0.001000s ]
INFO: [ app_begin ] --END-- [ RunTime:0.001000s ]
SQL: SHOW COLUMNS FROM `en_test` [ RunTime:0.0030s ]
NOTIC: [8] Undefined index: validate D:\PHP\wamp\www\easyNote\ThinkPHP\Library\Think\Model.class.php 第 1192 行.
NOTIC: [2] in_array() expects parameter 2 to be array, boolean given D:\PHP\wamp\www\easyNote\ThinkPHP\Library\Think\Model.class.php 第 1060 行.
NOTIC: [8] Undefined index: auto D:\PHP\wamp\www\easyNote\ThinkPHP\Library\Think\Model.class.php 第 1134 行.
INFO: [ app_end ] --START--
INFO: Run Behavior\ShowPageTraceBehavior [ RunTime:0.000000s ]
INFO: [ app_end ] --END-- [ RunTime:0.001000s ]

[ 2016-09-05T17:33:48+08:00 ] ::1 /easyNote/index.php/home/test/test?testname=a1215
INFO: [ app_init ] --START--
INFO: Run Behavior\BuildLiteBehavior [ RunTime:0.000000s ]
INFO: [ app_init ] --END-- [ RunTime:0.000000s ]
INFO: [ app_begin ] --START--
INFO: Run Behavior\ReadHtmlCacheBehavior [ RunTime:0.001000s ]
INFO: [ app_begin ] --END-- [ RunTime:0.001000s ]
SQL: SHOW COLUMNS FROM `en_test` [ RunTime:0.0040s ]
NOTIC: [8] Undefined index: validate D:\PHP\wamp\www\easyNote\ThinkPHP\Library\Think\Model.class.php 第 1192 行.
NOTIC: [2] in_array() expects parameter 2 to be array, boolean given D:\PHP\wamp\www\easyNote\ThinkPHP\Library\Think\Model.class.php 第 1060 行.
NOTIC: [8] Undefined index: auto D:\PHP\wamp\www\easyNote\ThinkPHP\Library\Think\Model.class.php 第 1134 行.
INFO: [ app_end ] --START--
INFO: Run Behavior\ShowPageTraceBehavior [ RunTime:0.000000s ]
INFO: [ app_end ] --END-- [ RunTime:0.001000s ]

[ 2016-09-05T17:33:49+08:00 ] ::1 /easyNote/index.php/home/test/test?testname=a1215
INFO: [ app_init ] --START--
INFO: Run Behavior\BuildLiteBehavior [ RunTime:0.000000s ]
INFO: [ app_init ] --END-- [ RunTime:0.001000s ]
INFO: [ app_begin ] --START--
INFO: Run Behavior\ReadHtmlCacheBehavior [ RunTime:0.000000s ]
INFO: [ app_begin ] --END-- [ RunTime:0.001000s ]
SQL: SHOW COLUMNS FROM `en_test` [ RunTime:0.0040s ]
NOTIC: [8] Undefined index: validate D:\PHP\wamp\www\easyNote\ThinkPHP\Library\Think\Model.class.php 第 1192 行.
NOTIC: [2] in_array() expects parameter 2 to be array, boolean given D:\PHP\wamp\www\easyNote\ThinkPHP\Library\Think\Model.class.php 第 1060 行.
NOTIC: [8] Undefined index: auto D:\PHP\wamp\www\easyNote\ThinkPHP\Library\Think\Model.class.php 第 1134 行.
INFO: [ app_end ] --START--
INFO: Run Behavior\ShowPageTraceBehavior [ RunTime:0.001000s ]
INFO: [ app_end ] --END-- [ RunTime:0.001000s ]

[ 2016-09-05T17:33:50+08:00 ] ::1 /easyNote/index.php/home/test/test?testname=a1215
INFO: [ app_init ] --START--
INFO: Run Behavior\BuildLiteBehavior [ RunTime:0.000000s ]
INFO: [ app_init ] --END-- [ RunTime:0.001000s ]
INFO: [ app_begin ] --START--
INFO: Run Behavior\ReadHtmlCacheBehavior [ RunTime:0.001000s ]
INFO: [ app_begin ] --END-- [ RunTime:0.001000s ]
SQL: SHOW COLUMNS FROM `en_test` [ RunTime:0.0030s ]
NOTIC: [8] Undefined index: validate D:\PHP\wamp\www\easyNote\ThinkPHP\Library\Think\Model.class.php 第 1192 行.
NOTIC: [2] in_array() expects parameter 2 to be array, boolean given D:\PHP\wamp\www\easyNote\ThinkPHP\Library\Think\Model.class.php 第 1060 行.
NOTIC: [8] Undefined index: auto D:\PHP\wamp\www\easyNote\ThinkPHP\Library\Think\Model.class.php 第 1134 行.
INFO: [ app_end ] --START--
INFO: Run Behavior\ShowPageTraceBehavior [ RunTime:0.000000s ]
INFO: [ app_end ] --END-- [ RunTime:0.001000s ]

[ 2016-09-05T17:34:07+08:00 ] ::1 /easyNote/index.php/home/test/test?testname=a1215
INFO: [ app_init ] --START--
INFO: Run Behavior\BuildLiteBehavior [ RunTime:0.000000s ]
INFO: [ app_init ] --END-- [ RunTime:0.001001s ]
INFO: [ app_begin ] --START--
INFO: Run Behavior\ReadHtmlCacheBehavior [ RunTime:0.001000s ]
INFO: [ app_begin ] --END-- [ RunTime:0.001000s ]
SQL: SHOW COLUMNS FROM `en_test` [ RunTime:0.0040s ]
SQL: SHOW COLUMNS FROM `en_test` [ RunTime:0.0040s ]
NOTIC: [8] Undefined index: validate D:\PHP\wamp\www\easyNote\ThinkPHP\Library\Think\Model.class.php 第 1192 行.
NOTIC: [8] Undefined index: auto D:\PHP\wamp\www\easyNote\ThinkPHP\Library\Think\Model.class.php 第 1134 行.
INFO: [ app_end ] --START--
INFO: Run Behavior\ShowPageTraceBehavior [ RunTime:0.001000s ]
INFO: [ app_end ] --END-- [ RunTime:0.001000s ]

[ 2016-09-05T17:34:08+08:00 ] ::1 /easyNote/index.php/home/test/test?testname=a1215
INFO: [ app_init ] --START--
INFO: Run Behavior\BuildLiteBehavior [ RunTime:0.000000s ]
INFO: [ app_init ] --END-- [ RunTime:0.001001s ]
INFO: [ app_begin ] --START--
INFO: Run Behavior\ReadHtmlCacheBehavior [ RunTime:0.001000s ]
INFO: [ app_begin ] --END-- [ RunTime:0.001000s ]
SQL: SHOW COLUMNS FROM `en_test` [ RunTime:0.0030s ]
SQL: SHOW COLUMNS FROM `en_test` [ RunTime:0.0030s ]
NOTIC: [8] Undefined index: validate D:\PHP\wamp\www\easyNote\ThinkPHP\Library\Think\Model.class.php 第 1192 行.
NOTIC: [8] Undefined index: auto D:\PHP\wamp\www\easyNote\ThinkPHP\Library\Think\Model.class.php 第 1134 行.
INFO: [ app_end ] --START--
INFO: Run Behavior\ShowPageTraceBehavior [ RunTime:0.001000s ]
INFO: [ app_end ] --END-- [ RunTime:0.002000s ]

[ 2016-09-05T17:34:14+08:00 ] ::1 /easyNote/index.php/home/test/test?testname=a1215
INFO: [ app_init ] --START--
INFO: Run Behavior\BuildLiteBehavior [ RunTime:0.000000s ]
INFO: [ app_init ] --END-- [ RunTime:0.001000s ]
INFO: [ app_begin ] --START--
INFO: Run Behavior\ReadHtmlCacheBehavior [ RunTime:0.001000s ]
INFO: [ app_begin ] --END-- [ RunTime:0.001000s ]
SQL: SHOW COLUMNS FROM `en_test` [ RunTime:0.0040s ]
SQL: SHOW COLUMNS FROM `en_test` [ RunTime:0.0030s ]
NOTIC: [8] Undefined index: validate D:\PHP\wamp\www\easyNote\ThinkPHP\Library\Think\Model.class.php 第 1192 行.
NOTIC: [8] Undefined index: auto D:\PHP\wamp\www\easyNote\ThinkPHP\Library\Think\Model.class.php 第 1134 行.
INFO: [ app_end ] --START--
INFO: Run Behavior\ShowPageTraceBehavior [ RunTime:0.001000s ]
INFO: [ app_end ] --END-- [ RunTime:0.001000s ]

[ 2016-09-05T17:34:14+08:00 ] ::1 /easyNote/index.php/home/test/test?testname=a1215
INFO: [ app_init ] --START--
INFO: Run Behavior\BuildLiteBehavior [ RunTime:0.000000s ]
INFO: [ app_init ] --END-- [ RunTime:0.001000s ]
INFO: [ app_begin ] --START--
INFO: Run Behavior\ReadHtmlCacheBehavior [ RunTime:0.001000s ]
INFO: [ app_begin ] --END-- [ RunTime:0.001000s ]
SQL: SHOW COLUMNS FROM `en_test` [ RunTime:0.0040s ]
SQL: SHOW COLUMNS FROM `en_test` [ RunTime:0.0030s ]
NOTIC: [8] Undefined index: validate D:\PHP\wamp\www\easyNote\ThinkPHP\Library\Think\Model.class.php 第 1192 行.
NOTIC: [8] Undefined index: auto D:\PHP\wamp\www\easyNote\ThinkPHP\Library\Think\Model.class.php 第 1134 行.
INFO: [ app_end ] --START--
INFO: Run Behavior\ShowPageTraceBehavior [ RunTime:0.001000s ]
INFO: [ app_end ] --END-- [ RunTime:0.001000s ]

[ 2016-09-05T17:58:23+08:00 ] ::1 /easyNote/index.php/home/test/test?testname=a1215
INFO: [ app_init ] --START--
INFO: Run Behavior\BuildLiteBehavior [ RunTime:0.000000s ]
INFO: [ app_init ] --END-- [ RunTime:0.001000s ]
INFO: [ app_begin ] --START--
INFO: Run Behavior\ReadHtmlCacheBehavior [ RunTime:0.001001s ]
INFO: [ app_begin ] --END-- [ RunTime:0.001001s ]
SQL: SHOW COLUMNS FROM `en_test` [ RunTime:0.0040s ]
SQL: SHOW COLUMNS FROM `en_test` [ RunTime:0.0030s ]
NOTIC: [8] Undefined index: validate D:\PHP\wamp\www\easyNote\ThinkPHP\Library\Think\Model.class.php 第 1192 行.
NOTIC: [8] Undefined index: auto D:\PHP\wamp\www\easyNote\ThinkPHP\Library\Think\Model.class.php 第 1134 行.
INFO: [ app_end ] --START--
INFO: Run Behavior\ShowPageTraceBehavior [ RunTime:0.001000s ]
INFO: [ app_end ] --END-- [ RunTime:0.001000s ]

[ 2016-09-05T17:58:47+08:00 ] ::1 /easyNote/index.php/home/test/test?testname=a1215
INFO: [ app_init ] --START--
INFO: Run Behavior\BuildLiteBehavior [ RunTime:0.000000s ]
INFO: [ app_init ] --END-- [ RunTime:0.001000s ]
INFO: [ app_begin ] --START--
INFO: Run Behavior\ReadHtmlCacheBehavior [ RunTime:0.001000s ]
INFO: [ app_begin ] --END-- [ RunTime:0.001000s ]
SQL: SHOW COLUMNS FROM `en_test` [ RunTime:0.0030s ]
SQL: SHOW COLUMNS FROM `en_test` [ RunTime:0.0030s ]
NOTIC: [8] Undefined index: validate D:\PHP\wamp\www\easyNote\ThinkPHP\Library\Think\Model.class.php 第 1192 行.
NOTIC: [8] Undefined index: auto D:\PHP\wamp\www\easyNote\ThinkPHP\Library\Think\Model.class.php 第 1134 行.
INFO: [ app_end ] --START--
INFO: Run Behavior\ShowPageTraceBehavior [ RunTime:0.001000s ]
INFO: [ app_end ] --END-- [ RunTime:0.001000s ]

[ 2016-09-05T17:58:54+08:00 ] ::1 /easyNote/index.php/home/test/test?testname=a1215
INFO: [ app_init ] --START--
INFO: Run Behavior\BuildLiteBehavior [ RunTime:0.000000s ]
INFO: [ app_init ] --END-- [ RunTime:0.000000s ]
INFO: [ app_begin ] --START--
INFO: Run Behavior\ReadHtmlCacheBehavior [ RunTime:0.001000s ]
INFO: [ app_begin ] --END-- [ RunTime:0.001000s ]
SQL: SHOW COLUMNS FROM `en_test` [ RunTime:0.0030s ]
SQL: SHOW COLUMNS FROM `en_test` [ RunTime:0.0040s ]
NOTIC: [8] Undefined index: validate D:\PHP\wamp\www\easyNote\ThinkPHP\Library\Think\Model.class.php 第 1192 行.
NOTIC: [8] Undefined index: auto D:\PHP\wamp\www\easyNote\ThinkPHP\Library\Think\Model.class.php 第 1134 行.
INFO: [ app_end ] --START--
INFO: Run Behavior\ShowPageTraceBehavior [ RunTime:0.001000s ]
INFO: [ app_end ] --END-- [ RunTime:0.001000s ]

[ 2016-09-05T23:09:16+08:00 ] ::1 /easyNote/
INFO: [ app_init ] --START--
INFO: Run Behavior\BuildLiteBehavior [ RunTime:0.000000s ]
INFO: [ app_init ] --END-- [ RunTime:0.001000s ]
INFO: [ app_begin ] --START--
INFO: Run Behavior\ReadHtmlCacheBehavior [ RunTime:0.001000s ]
INFO: [ app_begin ] --END-- [ RunTime:0.001000s ]
INFO: [ view_parse ] --START--
INFO: [ template_filter ] --START--
INFO: Run Behavior\ContentReplaceBehavior [ RunTime:0.001000s ]
INFO: [ template_filter ] --END-- [ RunTime:0.001000s ]
INFO: Run Behavior\ParseTemplateBehavior [ RunTime:0.188011s ]
INFO: [ view_parse ] --END-- [ RunTime:0.189011s ]
INFO: [ view_filter ] --START--
INFO: Run Behavior\WriteHtmlCacheBehavior [ RunTime:0.018001s ]
INFO: [ view_filter ] --END-- [ RunTime:0.018001s ]
INFO: [ app_end ] --START--
INFO: Run Behavior\ShowPageTraceBehavior [ RunTime:0.001000s ]
INFO: [ app_end ] --END-- [ RunTime:0.001000s ]

