[ 2016-09-05T16:46:03+08:00 ] ::1 /easyNote/index.php/admin/admin/register?admin_number=aaaaaa&admin_password=aaaaaa&admin_name=aaaaaa
INFO: [ app_init ] --START--
INFO: Run Behavior\BuildLiteBehavior [ RunTime:0.000000s ]
INFO: [ app_init ] --END-- [ RunTime:0.001000s ]
INFO: [ app_begin ] --START--
INFO: Run Behavior\ReadHtmlCacheBehavior [ RunTime:0.001000s ]
INFO: [ app_begin ] --END-- [ RunTime:0.001000s ]
SQL: SHOW COLUMNS FROM `en_admin` [ RunTime:0.0040s ]
NOTIC: [8] Undefined index: validate D:\PHP\wamp\www\easyNote\ThinkPHP\Library\Think\Model.class.php 第 1192 行.

[ 2016-09-05T17:35:00+08:00 ] ::1 /easyNote/index.php/admin/admin/register?admin_number=aaaaaa&admin_password=aaaaaa&admin_name=aaaaaa
INFO: [ app_init ] --START--
INFO: Run Behavior\BuildLiteBehavior [ RunTime:0.000000s ]
INFO: [ app_init ] --END-- [ RunTime:0.000000s ]
INFO: [ app_begin ] --START--
INFO: Run Behavior\ReadHtmlCacheBehavior [ RunTime:0.001000s ]
INFO: [ app_begin ] --END-- [ RunTime:0.001000s ]
SQL: SHOW COLUMNS FROM `en_admin` [ RunTime:0.0040s ]
SQL: SHOW COLUMNS FROM `en_admin` [ RunTime:0.0030s ]
NOTIC: [8] Undefined index: validate D:\PHP\wamp\www\easyNote\ThinkPHP\Library\Think\Model.class.php 第 1192 行.
SQL: SELECT * FROM `en_admin` WHERE `admin_number` = 'aaaaaa' LIMIT 1   [ RunTime:0.0000s ]

[ 2016-09-05T23:09:39+08:00 ] ::1 /easyNote/index.php/admin/admin/register?admin_number=aaaaaa&admin_password=aaaaaa&admin_name=aaaaaa
INFO: [ app_init ] --START--
INFO: Run Behavior\BuildLiteBehavior [ RunTime:0.000000s ]
INFO: [ app_init ] --END-- [ RunTime:0.001000s ]
INFO: [ app_begin ] --START--
INFO: Run Behavior\ReadHtmlCacheBehavior [ RunTime:0.001000s ]
INFO: [ app_begin ] --END-- [ RunTime:0.001000s ]
SQL: SHOW COLUMNS FROM `en_admin` [ RunTime:0.0040s ]
NOTIC: [8] Undefined index: validate D:\PHP\wamp\www\easyNote\ThinkPHP\Library\Think\Model.class.php 第 1192 行.
SQL: SELECT * FROM `en_admin` WHERE `admin_number` = 'aaaaaa' LIMIT 1   [ RunTime:0.0020s ]

[ 2016-09-05T23:10:25+08:00 ] ::1 /easyNote/index.php/admin/admin/register?admin_number=aaaaaa&admin_password=aaaaaa&admin_name=aaaaaa
INFO: [ app_init ] --START--
INFO: Run Behavior\BuildLiteBehavior [ RunTime:0.000000s ]
INFO: [ app_init ] --END-- [ RunTime:0.001000s ]
INFO: [ app_begin ] --START--
INFO: Run Behavior\ReadHtmlCacheBehavior [ RunTime:0.001000s ]
INFO: [ app_begin ] --END-- [ RunTime:0.001000s ]
SQL: SHOW COLUMNS FROM `en_admin` [ RunTime:0.0040s ]
NOTIC: [8] Undefined index: validate D:\PHP\wamp\www\easyNote\ThinkPHP\Library\Think\Model.class.php 第 1192 行.
SQL: SELECT * FROM `en_admin` WHERE `admin_number` = 'aaaaaa' LIMIT 1   [ RunTime:0.0000s ]

[ 2016-09-05T23:11:02+08:00 ] ::1 /easyNote/index.php/admin/admin/register?admin_number=aaaaaa&admin_password=aaaaaa&admin_name=aaaaaa
INFO: [ app_init ] --START--
INFO: Run Behavior\BuildLiteBehavior [ RunTime:0.000000s ]
INFO: [ app_init ] --END-- [ RunTime:0.001000s ]
INFO: [ app_begin ] --START--
INFO: Run Behavior\ReadHtmlCacheBehavior [ RunTime:0.001000s ]
INFO: [ app_begin ] --END-- [ RunTime:0.001000s ]
SQL: SHOW COLUMNS FROM `en_admin` [ RunTime:0.0040s ]
NOTIC: [8] Undefined index: validate D:\PHP\wamp\www\easyNote\ThinkPHP\Library\Think\Model.class.php 第 1192 行.
SQL: SELECT * FROM `en_admin` WHERE `admin_number` = 'aaaaaa' LIMIT 1   [ RunTime:0.0000s ]

[ 2016-09-05T23:11:13+08:00 ] ::1 /easyNote/index.php/admin/admin/register?admin_number=aaaaaa&admin_password=aaaaaa&admin_name=aaaaaa
INFO: [ app_init ] --START--
INFO: Run Behavior\BuildLiteBehavior [ RunTime:0.001000s ]
INFO: [ app_init ] --END-- [ RunTime:0.001000s ]
INFO: [ app_begin ] --START--
INFO: Run Behavior\ReadHtmlCacheBehavior [ RunTime:0.001001s ]
INFO: [ app_begin ] --END-- [ RunTime:0.001001s ]
SQL: SHOW COLUMNS FROM `en_admin` [ RunTime:0.0040s ]
NOTIC: [8] Undefined index: validate D:\PHP\wamp\www\easyNote\ThinkPHP\Library\Think\Model.class.php 第 1192 行.
SQL: SELECT * FROM `en_admin` WHERE `admin_number` = 'aaaaaa' LIMIT 1   [ RunTime:0.0000s ]

[ 2016-09-05T23:11:16+08:00 ] ::1 /easyNote/index.php/admin/admin/register?admin_number=aaaaaab&admin_password=aaaaaa&admin_name=aaaaaa
INFO: [ app_init ] --START--
INFO: Run Behavior\BuildLiteBehavior [ RunTime:0.000000s ]
INFO: [ app_init ] --END-- [ RunTime:0.001000s ]
INFO: [ app_begin ] --START--
INFO: Run Behavior\ReadHtmlCacheBehavior [ RunTime:0.000000s ]
INFO: [ app_begin ] --END-- [ RunTime:0.001000s ]
SQL: SHOW COLUMNS FROM `en_admin` [ RunTime:0.0040s ]
NOTIC: [8] Undefined index: validate D:\PHP\wamp\www\easyNote\ThinkPHP\Library\Think\Model.class.php 第 1192 行.
SQL: SELECT * FROM `en_admin` WHERE `admin_number` = 'aaaaaab' LIMIT 1   [ RunTime:0.0000s ]
NOTIC: [2] call_user_func_array() expects parameter 1 to be a valid callback, function 'checkPwd' not found or invalid function name D:\PHP\wamp\www\easyNote\ThinkPHP\Library\Think\Model.class.php 第 1287 行.
NOTIC: [8] Undefined index: auto D:\PHP\wamp\www\easyNote\ThinkPHP\Library\Think\Model.class.php 第 1134 行.

[ 2016-09-05T23:13:49+08:00 ] ::1 /easyNote/index.php/admin/admin/register?admin_number=aaaaaab&admin_password=aaaaaa&admin_name=aaaaaa
INFO: [ app_init ] --START--
INFO: Run Behavior\BuildLiteBehavior [ RunTime:0.000000s ]
INFO: [ app_init ] --END-- [ RunTime:0.001000s ]
INFO: [ app_begin ] --START--
INFO: Run Behavior\ReadHtmlCacheBehavior [ RunTime:0.001000s ]
INFO: [ app_begin ] --END-- [ RunTime:0.001000s ]
SQL: SHOW COLUMNS FROM `en_admin` [ RunTime:0.0040s ]
NOTIC: [8] Undefined index: validate D:\PHP\wamp\www\easyNote\ThinkPHP\Library\Think\Model.class.php 第 1192 行.
SQL: SELECT * FROM `en_admin` WHERE `admin_number` = 'aaaaaab' LIMIT 1   [ RunTime:0.0000s ]
NOTIC: [2] call_user_func_array() expects parameter 1 to be a valid callback, function 'checkPwd' not found or invalid function name D:\PHP\wamp\www\easyNote\ThinkPHP\Library\Think\Model.class.php 第 1287 行.
NOTIC: [8] Undefined index: auto D:\PHP\wamp\www\easyNote\ThinkPHP\Library\Think\Model.class.php 第 1134 行.
SQL: INSERT INTO `en_admin` (`admin_number`,`admin_password`,`admin_name`) VALUES ('aaaaaab','64e5fe0eece9fd3ae9b1a7690c86ad8a','aaaaaa') [ RunTime:0.0000s ]

[ 2016-09-05T23:14:35+08:00 ] ::1 /easyNote/index.php/admin/admin/register?admin_number=aaaaaab&admin_password=aaaaaa&admin_name=aaaaaa
INFO: [ app_init ] --START--
INFO: Run Behavior\BuildLiteBehavior [ RunTime:0.000000s ]
INFO: [ app_init ] --END-- [ RunTime:0.001000s ]
INFO: [ app_begin ] --START--
INFO: Run Behavior\ReadHtmlCacheBehavior [ RunTime:0.001000s ]
INFO: [ app_begin ] --END-- [ RunTime:0.001000s ]
SQL: SHOW COLUMNS FROM `en_admin` [ RunTime:0.0040s ]
NOTIC: [8] Undefined index: validate D:\PHP\wamp\www\easyNote\ThinkPHP\Library\Think\Model.class.php 第 1192 行.
SQL: SELECT * FROM `en_admin` WHERE `admin_number` = 'aaaaaab' LIMIT 1   [ RunTime:0.0010s ]

[ 2016-09-05T23:14:40+08:00 ] ::1 /easyNote/index.php/admin/admin/register?admin_number=aaaaaabb&admin_password=aaaaaa&admin_name=aaaaaa
INFO: [ app_init ] --START--
INFO: Run Behavior\BuildLiteBehavior [ RunTime:0.000000s ]
INFO: [ app_init ] --END-- [ RunTime:0.000000s ]
INFO: [ app_begin ] --START--
INFO: Run Behavior\ReadHtmlCacheBehavior [ RunTime:0.000000s ]
INFO: [ app_begin ] --END-- [ RunTime:0.000000s ]
SQL: SHOW COLUMNS FROM `en_admin` [ RunTime:0.0030s ]
NOTIC: [8] Undefined index: validate D:\PHP\wamp\www\easyNote\ThinkPHP\Library\Think\Model.class.php 第 1192 行.
SQL: SELECT * FROM `en_admin` WHERE `admin_number` = 'aaaaaabb' LIMIT 1   [ RunTime:0.0000s ]
NOTIC: [2] call_user_func_array() expects parameter 1 to be a valid callback, function 'checkPwd' not found or invalid function name D:\PHP\wamp\www\easyNote\ThinkPHP\Library\Think\Model.class.php 第 1287 行.
NOTIC: [8] Undefined index: auto D:\PHP\wamp\www\easyNote\ThinkPHP\Library\Think\Model.class.php 第 1134 行.
SQL: INSERT INTO `en_admin` (`admin_number`,`admin_password`,`admin_name`) VALUES ('aaaaaabb','64e5fe0eece9fd3ae9b1a7690c86ad8a','aaaaaa') [ RunTime:0.0000s ]

[ 2016-09-05T23:17:43+08:00 ] ::1 /easyNote/index.php/admin/admin/register?admin_number=aaaaaabb&admin_password=aaaaaa&admin_name=aaaaaa
INFO: [ app_init ] --START--
INFO: Run Behavior\BuildLiteBehavior [ RunTime:0.000000s ]
INFO: [ app_init ] --END-- [ RunTime:0.001000s ]
INFO: [ app_begin ] --START--
INFO: Run Behavior\ReadHtmlCacheBehavior [ RunTime:0.001001s ]
INFO: [ app_begin ] --END-- [ RunTime:0.001001s ]
SQL: SHOW COLUMNS FROM `en_admin` [ RunTime:0.0050s ]
NOTIC: [8] Undefined index: validate D:\PHP\wamp\www\easyNote\ThinkPHP\Library\Think\Model.class.php 第 1191 行.
SQL: SELECT * FROM `en_admin` WHERE `admin_number` = 'aaaaaabb' LIMIT 1   [ RunTime:0.0010s ]

[ 2016-09-05T23:24:11+08:00 ] ::1 /easyNote/index.php/admin/admin/register
INFO: [ app_init ] --START--
INFO: Run Behavior\BuildLiteBehavior [ RunTime:0.000000s ]
INFO: [ app_init ] --END-- [ RunTime:0.001001s ]
INFO: [ app_begin ] --START--
INFO: Run Behavior\ReadHtmlCacheBehavior [ RunTime:0.003000s ]
INFO: [ app_begin ] --END-- [ RunTime:0.003000s ]
SQL: SHOW COLUMNS FROM `en_admin` [ RunTime:0.0050s ]
NOTIC: [8] Undefined index: validate D:\PHP\wamp\www\easyNote\ThinkPHP\Library\Think\Model.class.php 第 1191 行.
SQL: SELECT * FROM `en_admin` WHERE `admin_number` = 'aaaaaa' LIMIT 1   [ RunTime:0.0000s ]

[ 2016-09-05T23:24:21+08:00 ] ::1 /easyNote/index.php/admin/admin/register
INFO: [ app_init ] --START--
INFO: Run Behavior\BuildLiteBehavior [ RunTime:0.000000s ]
INFO: [ app_init ] --END-- [ RunTime:0.001000s ]
INFO: [ app_begin ] --START--
INFO: Run Behavior\ReadHtmlCacheBehavior [ RunTime:0.001000s ]
INFO: [ app_begin ] --END-- [ RunTime:0.001000s ]
SQL: SHOW COLUMNS FROM `en_admin` [ RunTime:0.0040s ]
NOTIC: [8] Undefined index: validate D:\PHP\wamp\www\easyNote\ThinkPHP\Library\Think\Model.class.php 第 1191 行.
SQL: SELECT * FROM `en_admin` WHERE `admin_number` = 'aaaaaabbb' LIMIT 1   [ RunTime:0.0000s ]
NOTIC: [2] call_user_func_array() expects parameter 1 to be a valid callback, function 'checkPwd' not found or invalid function name D:\PHP\wamp\www\easyNote\ThinkPHP\Library\Think\Model.class.php 第 1286 行.
NOTIC: [8] Undefined index: auto D:\PHP\wamp\www\easyNote\ThinkPHP\Library\Think\Model.class.php 第 1133 行.
SQL: INSERT INTO `en_admin` (`admin_number`,`admin_password`,`admin_name`) VALUES ('aaaaaabbb','64e5fe0eece9fd3ae9b1a7690c86ad8a','aaaaaa') [ RunTime:0.0000s ]

[ 2016-09-05T23:24:26+08:00 ] ::1 /easyNote/index.php/admin/admin/register
INFO: [ app_init ] --START--
INFO: Run Behavior\BuildLiteBehavior [ RunTime:0.000000s ]
INFO: [ app_init ] --END-- [ RunTime:0.001000s ]
INFO: [ app_begin ] --START--
INFO: Run Behavior\ReadHtmlCacheBehavior [ RunTime:0.001000s ]
INFO: [ app_begin ] --END-- [ RunTime:0.001000s ]
SQL: SHOW COLUMNS FROM `en_admin` [ RunTime:0.0030s ]
NOTIC: [8] Undefined index: validate D:\PHP\wamp\www\easyNote\ThinkPHP\Library\Think\Model.class.php 第 1191 行.

[ 2016-09-05T23:27:37+08:00 ] ::1 /easyNote/index.php/admin/admin/login
INFO: [ app_init ] --START--
INFO: Run Behavior\BuildLiteBehavior [ RunTime:0.000000s ]
INFO: [ app_init ] --END-- [ RunTime:0.000000s ]
INFO: [ app_begin ] --START--
INFO: Run Behavior\ReadHtmlCacheBehavior [ RunTime:0.001000s ]
INFO: [ app_begin ] --END-- [ RunTime:0.001000s ]
SQL: SHOW COLUMNS FROM `en_admin` [ RunTime:0.0050s ]
SQL: SELECT * FROM `en_admin` WHERE ( admin_number="aaaaaa" ) LIMIT 1   [ RunTime:0.0000s ]

[ 2016-09-05T23:27:42+08:00 ] ::1 /easyNote/index.php/admin/admin/login
INFO: [ app_init ] --START--
INFO: Run Behavior\BuildLiteBehavior [ RunTime:0.000000s ]
INFO: [ app_init ] --END-- [ RunTime:0.001000s ]
INFO: [ app_begin ] --START--
INFO: Run Behavior\ReadHtmlCacheBehavior [ RunTime:0.000000s ]
INFO: [ app_begin ] --END-- [ RunTime:0.000000s ]
SQL: SHOW COLUMNS FROM `en_admin` [ RunTime:0.0040s ]
SQL: SELECT * FROM `en_admin` WHERE ( admin_number="aaaaa" ) LIMIT 1   [ RunTime:0.0010s ]

[ 2016-09-05T23:45:08+08:00 ] ::1 /easyNote/index.php/admin/admin/getAdmin?admin_id=5
INFO: [ app_init ] --START--
INFO: Run Behavior\BuildLiteBehavior [ RunTime:0.000000s ]
INFO: [ app_init ] --END-- [ RunTime:0.001000s ]
INFO: [ app_begin ] --START--
INFO: Run Behavior\ReadHtmlCacheBehavior [ RunTime:0.001000s ]
INFO: [ app_begin ] --END-- [ RunTime:0.001000s ]
SQL: SHOW COLUMNS FROM `en_admin` [ RunTime:0.0040s ]
SQL: SELECT * FROM `en_admin` WHERE ( admin_id=5 ) LIMIT 1   [ RunTime:0.0010s ]

[ 2016-09-05T23:50:23+08:00 ] ::1 /easyNote/index.php/admin/admin/getAdmin?admin_id=5
INFO: [ app_init ] --START--
INFO: Run Behavior\BuildLiteBehavior [ RunTime:0.000000s ]
INFO: [ app_init ] --END-- [ RunTime:0.000000s ]
INFO: [ app_begin ] --START--
INFO: Run Behavior\ReadHtmlCacheBehavior [ RunTime:0.000000s ]
INFO: [ app_begin ] --END-- [ RunTime:0.001000s ]
SQL: SHOW COLUMNS FROM `en_admin` [ RunTime:0.0040s ]
SQL: SELECT * FROM `en_admin` WHERE ( admin_id=5 ) LIMIT 1   [ RunTime:0.0010s ]

[ 2016-09-05T23:57:51+08:00 ] ::1 /easyNote/index.php/admin/admin/getAdmin?admin_id=5
INFO: [ app_init ] --START--
INFO: Run Behavior\BuildLiteBehavior [ RunTime:0.000000s ]
INFO: [ app_init ] --END-- [ RunTime:0.001000s ]
INFO: [ app_begin ] --START--
INFO: Run Behavior\ReadHtmlCacheBehavior [ RunTime:0.001000s ]
INFO: [ app_begin ] --END-- [ RunTime:0.001000s ]
SQL: SHOW COLUMNS FROM `en_admin` [ RunTime:0.0040s ]
SQL: SELECT * FROM `en_admin` WHERE ( admin_id=5 ) LIMIT 1   [ RunTime:0.0000s ]

[ 2016-09-05T23:58:14+08:00 ] ::1 /easyNote/index.php/admin/admin/getAdmin?admin_id=5
INFO: [ app_init ] --START--
INFO: Run Behavior\BuildLiteBehavior [ RunTime:0.000000s ]
INFO: [ app_init ] --END-- [ RunTime:0.001001s ]
INFO: [ app_begin ] --START--
INFO: Run Behavior\ReadHtmlCacheBehavior [ RunTime:0.001000s ]
INFO: [ app_begin ] --END-- [ RunTime:0.001000s ]
SQL: SHOW COLUMNS FROM `en_admin` [ RunTime:0.0030s ]
SQL: SELECT * FROM `en_admin` WHERE ( admin_id=5 ) LIMIT 1   [ RunTime:0.0010s ]

[ 2016-09-05T23:59:00+08:00 ] ::1 /easyNote/index.php/admin/admin/getAdmin?admin_id=5
INFO: [ app_init ] --START--
INFO: Run Behavior\BuildLiteBehavior [ RunTime:0.000000s ]
INFO: [ app_init ] --END-- [ RunTime:0.000000s ]
INFO: [ app_begin ] --START--
INFO: Run Behavior\ReadHtmlCacheBehavior [ RunTime:0.001000s ]
INFO: [ app_begin ] --END-- [ RunTime:0.001000s ]
SQL: SHOW COLUMNS FROM `en_admin` [ RunTime:0.0030s ]
SQL: SELECT * FROM `en_admin` WHERE ( admin_id=5 ) LIMIT 1   [ RunTime:0.0010s ]

[ 2016-09-05T23:59:31+08:00 ] ::1 /easyNote/index.php/admin/admin/getAdmin?admin_id=5
INFO: [ app_init ] --START--
INFO: Run Behavior\BuildLiteBehavior [ RunTime:0.000000s ]
INFO: [ app_init ] --END-- [ RunTime:0.001000s ]
INFO: [ app_begin ] --START--
INFO: Run Behavior\ReadHtmlCacheBehavior [ RunTime:0.002000s ]
INFO: [ app_begin ] --END-- [ RunTime:0.002000s ]
SQL: SHOW COLUMNS FROM `en_admin` [ RunTime:0.0040s ]
SQL: SELECT * FROM `en_admin` WHERE ( admin_id=5 ) LIMIT 1   [ RunTime:0.0000s ]

